#
# A fatal error has been detected by the Java Runtime Environment:
#
#  EXCEPTION_ACCESS_VIOLATION (0xc0000005) at pc=0x73c5e8bd, pid=26180, tid=17096
#
# JRE version: Java(TM) SE Runtime Environment (8.0_11-b12) (build 1.8.0_11-b12)
# Java VM: Java HotSpot(TM) Client VM (25.11-b03 mixed mode windows-x86 )
# Problematic frame:
# V  [jvm.dll+0xbe8bd]
#
# Failed to write core dump. Minidumps are not enabled by default on client versions of Windows
#
# If you would like to submit a bug report, please visit:
#   http://bugreport.sun.com/bugreport/crash.jsp
#

---------------  T H R E A D  ---------------

Current thread (0x14a99000):  JavaThread "JDWP Transport Listener: dt_socket" daemon [_thread_in_vm, id=17096, stack(0x151e0000,0x15230000)]

siginfo: ExceptionCode=0xc0000005, reading address 0x00000032

Registers:
EAX=0x00000032, EBX=0x00000000, ECX=0x00000032, EDX=0x00000000
ESP=0x1522f578, EBP=0x1522f57c, ESI=0x14a99000, EDI=0x009181e0
EIP=0x73c5e8bd, EFLAGS=0x00010202

Top of Stack: (sp=0x1522f578)
0x1522f578:   14a99000 1522f5a4 73db0b94 00000032
0x1522f588:   1522f65c 1522f5df 14a99000 00000000
0x1522f598:   00000000 00000000 14a99000 1522f5e0
0x1522f5a8:   72f49f7b 009181e0 00000032 1522f5df
0x1522f5b8:   00000032 72f3436d 00000032 1522f5df
0x1522f5c8:   00000002 00000000 00000000 f000100a
0x1522f5d8:   00000000 01a95244 1522f600 72f344e0
0x1522f5e8:   00000001 1522f61c 1522f658 15bcc830 

Instructions: (pc=0x73c5e8bd)
0x73c5e89d:   5d c3 52 e8 eb f7 ff ff 5d c3 cc cc cc cc cc cc
0x73c5e8ad:   cc cc cc 55 8b ec 8b 45 08 85 c0 75 02 5d c3 56
0x73c5e8bd:   8b 30 85 f6 74 17 83 fe 37 74 12 8b 06 8b 50 04
0x73c5e8cd:   8b ce ff d2 84 c0 74 05 8b c6 5e 5d c3 33 c0 5e 


Register to memory mapping:

EAX=0x00000032 is an unknown value
EBX=0x00000000 is an unknown value
ECX=0x00000032 is an unknown value
EDX=0x00000000 is an unknown value
ESP=0x1522f578 is pointing into the stack for thread: 0x14a99000
EBP=0x1522f57c is pointing into the stack for thread: 0x14a99000
ESI=0x14a99000 is a thread
EDI=0x009181e0 is an unknown value


Stack: [0x151e0000,0x15230000],  sp=0x1522f578,  free space=317k
Native frames: (J=compiled Java code, j=interpreted, Vv=VM code, C=native code)
V  [jvm.dll+0xbe8bd]
V  [jvm.dll+0x210b94]
C  [jdwp.dll+0x19f7b]
C  [jdwp.dll+0x44e0]
C  [jdwp.dll+0x451e]


---------------  P R O C E S S  ---------------

Java Threads: ( => current thread )
  0x0091ec00 JavaThread "DestroyJavaVM" [_thread_blocked, id=31172, stack(0x00b60000,0x00bb0000)]
  0x15bdbc00 JavaThread "http-nio-8080-Acceptor" daemon [_thread_in_native, id=29204, stack(0x18710000,0x18760000)]
  0x15bdb000 JavaThread "http-nio-8080-Poller" daemon [_thread_in_native, id=22372, stack(0x185f0000,0x18640000)]
  0x15bd6c00 JavaThread "Live Reload Server" daemon [_thread_in_native, id=30156, stack(0x18680000,0x186d0000)]
  0x15bbe400 JavaThread "File Watcher" daemon [_thread_blocked, id=16336, stack(0x18540000,0x18590000)]
  0x155ae800 JavaThread "container-0" [_thread_blocked, id=6048, stack(0x182b0000,0x18300000)]
  0x15450800 JavaThread "Catalina-utility-2" [_thread_blocked, id=29412, stack(0x18220000,0x18270000)]
  0x1633b000 JavaThread "Catalina-utility-1" [_thread_blocked, id=20424, stack(0x168c0000,0x16910000)]
  0x153e8400 JavaThread "Service Thread" daemon [_thread_blocked, id=26972, stack(0x15820000,0x15870000)]
  0x14c28000 JavaThread "C1 CompilerThread0" daemon [_thread_blocked, id=9580, stack(0x15390000,0x153e0000)]
  0x14aa4c00 JavaThread "JDWP Command Reader" daemon [_thread_in_native, id=11928, stack(0x15300000,0x15350000)]
  0x14aa1c00 JavaThread "JDWP Event Helper Thread" daemon [_thread_blocked, id=19908, stack(0x15270000,0x152c0000)]
=>0x14a99000 JavaThread "JDWP Transport Listener: dt_socket" daemon [_thread_in_vm, id=17096, stack(0x151e0000,0x15230000)]
  0x14a9c800 JavaThread "Attach Listener" daemon [_thread_blocked, id=28776, stack(0x14e10000,0x14e60000)]
  0x14a9a400 JavaThread "Signal Dispatcher" daemon [_thread_blocked, id=25516, stack(0x14d80000,0x14dd0000)]
  0x14a68800 JavaThread "Finalizer" daemon [_thread_blocked, id=27116, stack(0x14cf0000,0x14d40000)]
  0x14a62c00 JavaThread "Reference Handler" daemon [_thread_blocked, id=33644, stack(0x14c60000,0x14cb0000)]

Other Threads:
  0x0250dc00 VMThread [stack: 0x04550000,0x045a0000] [id=12520]
  0x14c5e000 WatcherThread [stack: 0x158b0000,0x15900000] [id=23396]

VM state:not at safepoint (normal execution)

VM Mutex/Monitor currently owned by a thread: None

Heap:
 def new generation   total 7424K, used 4620K [0x04600000, 0x04e00000, 0x09b50000)
  eden space 6656K,  68% used [0x04600000, 0x04a761a8, 0x04c80000)
  from space 768K,   6% used [0x04d40000, 0x04d4cf90, 0x04e00000)
  to   space 768K,   0% used [0x04c80000, 0x04c80000, 0x04d40000)
 tenured generation   total 16240K, used 10528K [0x09b50000, 0x0ab2c000, 0x14600000)
   the space 16240K,  64% used [0x09b50000, 0x0a598070, 0x0a598200, 0x0ab2c000)
 Metaspace       used 19619K, capacity 20906K, committed 20992K, reserved 21888K

Card table byte_map: [0x02210000,0x022a0000] byte_map_base: 0x021ed000

Polling page: 0x007f0000

CodeCache: size=32768Kb used=3289Kb max_used=3289Kb free=29478Kb
 bounds [0x02510000, 0x02848000, 0x04510000]
 total_blobs=1887 nmethods=1714 adapters=112
 compilation: enabled

Compilation events (10 events):
Event: 484.890 Thread 0x14c28000 1724             java.util.HashMap$EntrySet::iterator (12 bytes)
Event: 484.890 Thread 0x14c28000 nmethod 1724 0x02843988 code [0x02843a90, 0x02843b8c]
Event: 484.890 Thread 0x14c28000 1725             java.util.HashMap$EntryIterator::<init> (11 bytes)
Event: 484.890 Thread 0x14c28000 nmethod 1725 0x02843c48 code [0x02843d40, 0x02843dec]
Event: 496.044 Thread 0x14c28000 1726             java.util.concurrent.ScheduledThreadPoolExecutor$DelayedWorkQueue::siftUp (66 bytes)
Event: 496.045 Thread 0x14c28000 nmethod 1726 0x02843e48 code [0x02843f80, 0x0284424c]
Event: 508.301 Thread 0x14c28000 1727   !         sun.nio.ch.WindowsSelectorImpl$SubSelector::processFDSet (374 bytes)
Event: 508.303 Thread 0x14c28000 nmethod 1727 0x02844608 code [0x02844840, 0x02845368]
Event: 517.043 Thread 0x14c28000 1728             java.util.concurrent.locks.AbstractQueuedSynchronizer$ConditionObject::checkInterruptWhileWaiting (27 bytes)
Event: 517.043 Thread 0x14c28000 nmethod 1728 0x02846648 code [0x02846770, 0x02846900]

GC Heap History (10 events):
Event: 8.053 GC heap before
{Heap before GC invocations=76 (full 2):
 def new generation   total 7424K, used 7205K [0x04600000, 0x04e00000, 0x09b50000)
  eden space 6656K, 100% used [0x04600000, 0x04c80000, 0x04c80000)
  from space 768K,  71% used [0x04c80000, 0x04d09520, 0x04d40000)
  to   space 768K,   0% used [0x04d40000, 0x04d40000, 0x04e00000)
 tenured generation   total 16240K, used 9955K [0x09b50000, 0x0ab2c000, 0x14600000)
   the space 16240K,  61% used [0x09b50000, 0x0a508cd8, 0x0a508e00, 0x0ab2c000)
 Metaspace       used 19559K, capacity 20827K, committed 20864K, reserved 20864K
Event: 8.057 GC heap after
Heap after GC invocations=77 (full 2):
 def new generation   total 7424K, used 606K [0x04600000, 0x04e00000, 0x09b50000)
  eden space 6656K,   0% used [0x04600000, 0x04600000, 0x04c80000)
  from space 768K,  78% used [0x04d40000, 0x04dd7a28, 0x04e00000)
  to   space 768K,   0% used [0x04c80000, 0x04c80000, 0x04d40000)
 tenured generation   total 16240K, used 10171K [0x09b50000, 0x0ab2c000, 0x14600000)
   the space 16240K,  62% used [0x09b50000, 0x0a53ed18, 0x0a53ee00, 0x0ab2c000)
 Metaspace       used 19559K, capacity 20827K, committed 20864K, reserved 20864K
}
Event: 108.639 GC heap before
{Heap before GC invocations=77 (full 2):
 def new generation   total 7424K, used 7262K [0x04600000, 0x04e00000, 0x09b50000)
  eden space 6656K, 100% used [0x04600000, 0x04c80000, 0x04c80000)
  from space 768K,  78% used [0x04d40000, 0x04dd7a28, 0x04e00000)
  to   space 768K,   0% used [0x04c80000, 0x04c80000, 0x04d40000)
 tenured generation   total 16240K, used 10171K [0x09b50000, 0x0ab2c000, 0x14600000)
   the space 16240K,  62% used [0x09b50000, 0x0a53ed18, 0x0a53ee00, 0x0ab2c000)
 Metaspace       used 19613K, capacity 20906K, committed 20992K, reserved 21888K
Event: 108.642 GC heap after
Heap after GC invocations=78 (full 2):
 def new generation   total 7424K, used 103K [0x04600000, 0x04e00000, 0x09b50000)
  eden space 6656K,   0% used [0x04600000, 0x04600000, 0x04c80000)
  from space 768K,  13% used [0x04c80000, 0x04c99f30, 0x04d40000)
  to   space 768K,   0% used [0x04d40000, 0x04d40000, 0x04e00000)
 tenured generation   total 16240K, used 10528K [0x09b50000, 0x0ab2c000, 0x14600000)
   the space 16240K,  64% used [0x09b50000, 0x0a598070, 0x0a598200, 0x0ab2c000)
 Metaspace       used 19613K, capacity 20906K, committed 20992K, reserved 21888K
}
Event: 228.096 GC heap before
{Heap before GC invocations=78 (full 2):
 def new generation   total 7424K, used 6759K [0x04600000, 0x04e00000, 0x09b50000)
  eden space 6656K, 100% used [0x04600000, 0x04c80000, 0x04c80000)
  from space 768K,  13% used [0x04c80000, 0x04c99f30, 0x04d40000)
  to   space 768K,   0% used [0x04d40000, 0x04d40000, 0x04e00000)
 tenured generation   total 16240K, used 10528K [0x09b50000, 0x0ab2c000, 0x14600000)
   the space 16240K,  64% used [0x09b50000, 0x0a598070, 0x0a598200, 0x0ab2c000)
 Metaspace       used 19613K, capacity 20906K, committed 20992K, reserved 21888K
Event: 228.098 GC heap after
Heap after GC invocations=79 (full 2):
 def new generation   total 7424K, used 49K [0x04600000, 0x04e00000, 0x09b50000)
  eden space 6656K,   0% used [0x04600000, 0x04600000, 0x04c80000)
  from space 768K,   6% used [0x04d40000, 0x04d4c6b0, 0x04e00000)
  to   space 768K,   0% used [0x04c80000, 0x04c80000, 0x04d40000)
 tenured generation   total 16240K, used 10528K [0x09b50000, 0x0ab2c000, 0x14600000)
   the space 16240K,  64% used [0x09b50000, 0x0a598070, 0x0a598200, 0x0ab2c000)
 Metaspace       used 19613K, capacity 20906K, committed 20992K, reserved 21888K
}
Event: 347.986 GC heap before
{Heap before GC invocations=79 (full 2):
 def new generation   total 7424K, used 6705K [0x04600000, 0x04e00000, 0x09b50000)
  eden space 6656K, 100% used [0x04600000, 0x04c80000, 0x04c80000)
  from space 768K,   6% used [0x04d40000, 0x04d4c6b0, 0x04e00000)
  to   space 768K,   0% used [0x04c80000, 0x04c80000, 0x04d40000)
 tenured generation   total 16240K, used 10528K [0x09b50000, 0x0ab2c000, 0x14600000)
   the space 16240K,  64% used [0x09b50000, 0x0a598070, 0x0a598200, 0x0ab2c000)
 Metaspace       used 19613K, capacity 20906K, committed 20992K, reserved 21888K
Event: 347.988 GC heap after
Heap after GC invocations=80 (full 2):
 def new generation   total 7424K, used 52K [0x04600000, 0x04e00000, 0x09b50000)
  eden space 6656K,   0% used [0x04600000, 0x04600000, 0x04c80000)
  from space 768K,   6% used [0x04c80000, 0x04c8d070, 0x04d40000)
  to   space 768K,   0% used [0x04d40000, 0x04d40000, 0x04e00000)
 tenured generation   total 16240K, used 10528K [0x09b50000, 0x0ab2c000, 0x14600000)
   the space 16240K,  64% used [0x09b50000, 0x0a598070, 0x0a598200, 0x0ab2c000)
 Metaspace       used 19613K, capacity 20906K, committed 20992K, reserved 21888K
}
Event: 468.548 GC heap before
{Heap before GC invocations=80 (full 2):
 def new generation   total 7424K, used 6708K [0x04600000, 0x04e00000, 0x09b50000)
  eden space 6656K, 100% used [0x04600000, 0x04c80000, 0x04c80000)
  from space 768K,   6% used [0x04c80000, 0x04c8d070, 0x04d40000)
  to   space 768K,   0% used [0x04d40000, 0x04d40000, 0x04e00000)
 tenured generation   total 16240K, used 10528K [0x09b50000, 0x0ab2c000, 0x14600000)
   the space 16240K,  64% used [0x09b50000, 0x0a598070, 0x0a598200, 0x0ab2c000)
 Metaspace       used 19613K, capacity 20906K, committed 20992K, reserved 21888K
Event: 468.550 GC heap after
Heap after GC invocations=81 (full 2):
 def new generation   total 7424K, used 51K [0x04600000, 0x04e00000, 0x09b50000)
  eden space 6656K,   0% used [0x04600000, 0x04600000, 0x04c80000)
  from space 768K,   6% used [0x04d40000, 0x04d4cf90, 0x04e00000)
  to   space 768K,   0% used [0x04c80000, 0x04c80000, 0x04d40000)
 tenured generation   total 16240K, used 10528K [0x09b50000, 0x0ab2c000, 0x14600000)
   the space 16240K,  64% used [0x09b50000, 0x0a598070, 0x0a598200, 0x0ab2c000)
 Metaspace       used 19613K, capacity 20906K, committed 20992K, reserved 21888K
}

Deoptimization events (0 events):
No events

Internal exceptions (10 events):
Event: 8.068 Thread 0x15663000 Exception <a 'java/security/PrivilegedActionException'> (0x0464e4c0) thrown at [D:\re\puppet\workspace\8-2-build-windows-i586-cygwin\jdk8u11\648\hotspot\src\share\vm\prims\jvm.cpp, line 1248]
Event: 8.070 Thread 0x15663000 Exception <a 'java/security/PrivilegedActionException'> (0x0465f948) thrown at [D:\re\puppet\workspace\8-2-build-windows-i586-cygwin\jdk8u11\648\hotspot\src\share\vm\prims\jvm.cpp, line 1248]
Event: 8.073 Thread 0x15663000 Exception <a 'java/lang/ArrayIndexOutOfBoundsException'> (0x0467ae08) thrown at [D:\re\puppet\workspace\8-2-build-windows-i586-cygwin\jdk8u11\648\hotspot\src\share\vm\runtime\sharedRuntime.cpp, line 595]
Event: 8.073 Thread 0x15663000 Exception <a 'java/lang/ArrayIndexOutOfBoundsException'> (0x0467d0e8) thrown at [D:\re\puppet\workspace\8-2-build-windows-i586-cygwin\jdk8u11\648\hotspot\src\share\vm\runtime\sharedRuntime.cpp, line 595]
Event: 8.074 Thread 0x15663000 Exception <a 'java/security/PrivilegedActionException'> (0x0467f798) thrown at [D:\re\puppet\workspace\8-2-build-windows-i586-cygwin\jdk8u11\648\hotspot\src\share\vm\prims\jvm.cpp, line 1248]
Event: 8.075 Thread 0x15663000 Exception <a 'java/security/PrivilegedActionException'> (0x04686ba8) thrown at [D:\re\puppet\workspace\8-2-build-windows-i586-cygwin\jdk8u11\648\hotspot\src\share\vm\prims\jvm.cpp, line 1248]
Event: 8.078 Thread 0x15663000 Exception <a 'java/lang/ArrayIndexOutOfBoundsException'> (0x04695978) thrown at [D:\re\puppet\workspace\8-2-build-windows-i586-cygwin\jdk8u11\648\hotspot\src\share\vm\runtime\sharedRuntime.cpp, line 595]
Event: 8.081 Thread 0x15cdf400 Exception <a 'java/security/PrivilegedActionException'> (0x046aa6c0) thrown at [D:\re\puppet\workspace\8-2-build-windows-i586-cygwin\jdk8u11\648\hotspot\src\share\vm\prims\jvm.cpp, line 1248]
Event: 16.994 Thread 0x15450800 Exception <a 'java/security/PrivilegedActionException'> (0x04785808) thrown at [D:\re\puppet\workspace\8-2-build-windows-i586-cygwin\jdk8u11\648\hotspot\src\share\vm\prims\jvm.cpp, line 1248]
Event: 16.995 Thread 0x15450800 Exception <a 'java/security/PrivilegedActionException'> (0x0478ef58) thrown at [D:\re\puppet\workspace\8-2-build-windows-i586-cygwin\jdk8u11\648\hotspot\src\share\vm\prims\jvm.cpp, line 1248]

Events (10 events):
Event: 108.639 Executing VM operation: GenCollectForAllocation
Event: 108.642 Executing VM operation: GenCollectForAllocation done
Event: 228.096 Executing VM operation: GenCollectForAllocation
Event: 228.098 Executing VM operation: GenCollectForAllocation done
Event: 347.986 Executing VM operation: GenCollectForAllocation
Event: 347.988 Executing VM operation: GenCollectForAllocation done
Event: 468.548 Executing VM operation: GenCollectForAllocation
Event: 468.550 Executing VM operation: GenCollectForAllocation done
Event: 550.258 Executing VM operation: RedefineClasses
Event: 550.269 Executing VM operation: RedefineClasses done


Dynamic libraries:
0x00c40000 - 0x00c70000 	C:\pcsist\programas\jdk-1.8.0.11-win-x86\jre\bin\javaw.exe
0x77c60000 - 0x77dfa000 	C:\WINDOWS\SYSTEM32\ntdll.dll
0x76740000 - 0x76820000 	C:\WINDOWS\System32\KERNEL32.DLL
0x75e30000 - 0x7602c000 	C:\WINDOWS\System32\KERNELBASE.dll
0x76e30000 - 0x76ea9000 	C:\WINDOWS\System32\ADVAPI32.dll
0x754b0000 - 0x7556f000 	C:\WINDOWS\System32\msvcrt.dll
0x77bd0000 - 0x77c46000 	C:\WINDOWS\System32\sechost.dll
0x75c90000 - 0x75d4b000 	C:\WINDOWS\System32\RPCRT4.dll
0x75430000 - 0x75450000 	C:\WINDOWS\System32\SspiCli.dll
0x75420000 - 0x7542a000 	C:\WINDOWS\System32\CRYPTBASE.dll
0x76460000 - 0x764bf000 	C:\WINDOWS\System32\bcryptPrimitives.dll
0x75570000 - 0x75707000 	C:\WINDOWS\System32\USER32.dll
0x77580000 - 0x77597000 	C:\WINDOWS\System32\win32u.dll
0x761b0000 - 0x761d1000 	C:\WINDOWS\System32\GDI32.dll
0x76cd0000 - 0x76e2a000 	C:\WINDOWS\System32\gdi32full.dll
0x75d50000 - 0x75dcc000 	C:\WINDOWS\System32\msvcp_win.dll
0x76620000 - 0x7673f000 	C:\WINDOWS\System32\ucrtbase.dll
0x74000000 - 0x7420f000 	C:\WINDOWS\WinSxS\x86_microsoft.windows.common-controls_6595b64144ccf1df_6.0.18362.535_none_2e70ea1e278c3127\COMCTL32.dll
0x77890000 - 0x77b06000 	C:\WINDOWS\System32\combase.dll
0x764c0000 - 0x764e5000 	C:\WINDOWS\System32\IMM32.DLL
0x73f40000 - 0x73fff000 	C:\pcsist\programas\jdk-1.8.0.11-win-x86\jre\bin\msvcr100.dll
0x73ba0000 - 0x73f37000 	C:\pcsist\programas\jdk-1.8.0.11-win-x86\jre\bin\client\jvm.dll
0x777f0000 - 0x777f6000 	C:\WINDOWS\System32\PSAPI.DLL
0x74d80000 - 0x74d88000 	C:\WINDOWS\SYSTEM32\WSOCK32.dll
0x77670000 - 0x776ce000 	C:\WINDOWS\System32\WS2_32.dll
0x74c40000 - 0x74c64000 	C:\WINDOWS\SYSTEM32\WINMM.dll
0x74c10000 - 0x74c33000 	C:\WINDOWS\SYSTEM32\WINMMBASE.dll
0x775a0000 - 0x775db000 	C:\WINDOWS\System32\cfgmgr32.dll
0x74a10000 - 0x74a1c000 	C:\pcsist\programas\jdk-1.8.0.11-win-x86\jre\bin\verify.dll
0x73b70000 - 0x73b91000 	C:\pcsist\programas\jdk-1.8.0.11-win-x86\jre\bin\java.dll
0x72f30000 - 0x72f59000 	C:\pcsist\programas\jdk-1.8.0.11-win-x86\jre\bin\jdwp.dll
0x73980000 - 0x73987000 	C:\pcsist\programas\jdk-1.8.0.11-win-x86\jre\bin\npt.dll
0x72e60000 - 0x72e80000 	C:\pcsist\programas\jdk-1.8.0.11-win-x86\jre\bin\instrument.dll
0x73b50000 - 0x73b63000 	C:\pcsist\programas\jdk-1.8.0.11-win-x86\jre\bin\zip.dll
0x75710000 - 0x75c8a000 	C:\WINDOWS\System32\SHELL32.dll
0x775e0000 - 0x77664000 	C:\WINDOWS\System32\shcore.dll
0x76ef0000 - 0x774b5000 	C:\WINDOWS\System32\windows.storage.dll
0x76600000 - 0x76617000 	C:\WINDOWS\System32\profapi.dll
0x76820000 - 0x76863000 	C:\WINDOWS\System32\powrprof.dll
0x777c0000 - 0x777cd000 	C:\WINDOWS\System32\UMPDC.dll
0x776d0000 - 0x77714000 	C:\WINDOWS\System32\shlwapi.dll
0x77bc0000 - 0x77bcf000 	C:\WINDOWS\System32\kernel.appcore.dll
0x76eb0000 - 0x76ec3000 	C:\WINDOWS\System32\cryptsp.dll
0x73970000 - 0x73978000 	C:\pcsist\programas\jdk-1.8.0.11-win-x86\jre\bin\dt_socket.dll
0x74bb0000 - 0x74bc1000 	C:\WINDOWS\system32\napinsp.dll
0x74b30000 - 0x74b46000 	C:\WINDOWS\system32\pnrpnsp.dll
0x74b50000 - 0x74ba2000 	C:\WINDOWS\System32\mswsock.dll
0x74a20000 - 0x74ab1000 	C:\WINDOWS\SYSTEM32\DNSAPI.dll
0x76450000 - 0x76457000 	C:\WINDOWS\System32\NSI.dll
0x74df0000 - 0x74e22000 	C:\WINDOWS\SYSTEM32\IPHLPAPI.DLL
0x74a00000 - 0x74a0b000 	C:\WINDOWS\System32\winrnr.dll
0x749e0000 - 0x749f6000 	C:\WINDOWS\system32\NLAapi.dll
0x749d0000 - 0x749e0000 	C:\WINDOWS\system32\wshbth.dll
0x74960000 - 0x749b1000 	C:\WINDOWS\System32\fwpuclnt.dll
0x76ed0000 - 0x76ee9000 	C:\WINDOWS\System32\bcrypt.dll
0x749c0000 - 0x749c8000 	C:\Windows\System32\rasadhlp.dll
0x73af0000 - 0x73afa000 	C:\pcsist\programas\jdk-1.8.0.11-win-x86\jre\bin\management.dll
0x73b30000 - 0x73b44000 	C:\pcsist\programas\jdk-1.8.0.11-win-x86\jre\bin\net.dll
0x73ae0000 - 0x73aef000 	C:\pcsist\programas\jdk-1.8.0.11-win-x86\jre\bin\nio.dll
0x74500000 - 0x7452f000 	C:\WINDOWS\system32\rsaenh.dll
0x74db0000 - 0x74dce000 	C:\WINDOWS\SYSTEM32\USERENV.dll
0x74370000 - 0x74383000 	C:\WINDOWS\SYSTEM32\dhcpcsvc6.DLL
0x74bd0000 - 0x74be5000 	C:\WINDOWS\SYSTEM32\dhcpcsvc.DLL
0x6ea90000 - 0x6ec1f000 	C:\WINDOWS\SYSTEM32\dbghelp.dll

VM Arguments:
jvm_args: -agentlib:jdwp=transport=dt_socket,suspend=y,address=localhost:58265 -javaagent:C:\eclipse\configuration\org.eclipse.osgi\1085\0\.cp\lib\javaagent-shaded.jar -Dfile.encoding=UTF-8 
java_command: br.com.dnsouza.exemplelottery.ExempleLotteryApplication
java_class_path (initial): C:\projetos\exemple-lottery\target\classes;C:\Users\do.souza\.m2\repository\org\springframework\boot\spring-boot-starter-web\2.6.3\spring-boot-starter-web-2.6.3.jar;C:\Users\do.souza\.m2\repository\org\springframework\boot\spring-boot-starter\2.6.3\spring-boot-starter-2.6.3.jar;C:\Users\do.souza\.m2\repository\org\springframework\boot\spring-boot-starter-logging\2.6.3\spring-boot-starter-logging-2.6.3.jar;C:\Users\do.souza\.m2\repository\ch\qos\logback\logback-classic\1.2.10\logback-classic-1.2.10.jar;C:\Users\do.souza\.m2\repository\ch\qos\logback\logback-core\1.2.10\logback-core-1.2.10.jar;C:\Users\do.souza\.m2\repository\org\apache\logging\log4j\log4j-to-slf4j\2.17.1\log4j-to-slf4j-2.17.1.jar;C:\Users\do.souza\.m2\repository\org\apache\logging\log4j\log4j-api\2.17.1\log4j-api-2.17.1.jar;C:\Users\do.souza\.m2\repository\org\slf4j\jul-to-slf4j\1.7.33\jul-to-slf4j-1.7.33.jar;C:\Users\do.souza\.m2\repository\jakarta\annotation\jakarta.annotation-api\1.3.5\jakarta.annotation-api-1.3.5.jar;C:\Users\do.souza\.m2\repository\org\yaml\snakeyaml\1.29\snakeyaml-1.29.jar;C:\Users\do.souza\.m2\repository\org\springframework\boot\spring-boot-starter-json\2.6.3\spring-boot-starter-json-2.6.3.jar;C:\Users\do.souza\.m2\repository\com\fasterxml\jackson\core\jackson-databind\2.13.1\jackson-databind-2.13.1.jar;C:\Users\do.souza\.m2\repository\com\fasterxml\jackson\core\jackson-annotations\2.13.1\jackson-annotations-2.13.1.jar;C:\Users\do.souza\.m2\repository\com\fasterxml\jackson\core\jackson-core\2.13.1\jackson-core-2.13.1.jar;C:\Users\do.souza\.m2\repository\com\fasterxml\jackson\datatype\jackson-datatype-jdk8\2.13.1\jackson-datatype-jdk8-2.13.1.jar;C:\Users\do.souza\.m2\repository\com\fasterxml\jackson\datatype\jackson-datatype-jsr310\2.13.1\jackson-datatype-jsr310-2.13.1.jar;C:\Users\do.souza\.m2\repository\com\fasterxml\jackson\module\jackson-module-parameter-names\2.13.1\jackson-module-parameter-names-2.13.1.jar;C:\Users\do.souza\.m2\repository\org\
Launcher Type: SUN_STANDARD

Environment Variables:
JAVA_HOME=C:\pcsist\programas\jdk-1.8.0.11-win-x86
PATH=C:\pcsist\programas\jdk-1.8.0.11-win-x86\jre\bin;C:/eclipse//plugins/org.eclipse.justj.openjdk.hotspot.jre.full.win32.x86_64_15.0.2.v20210201-0955/jre/bin/server;C:/eclipse//plugins/org.eclipse.justj.openjdk.hotspot.jre.full.win32.x86_64_15.0.2.v20210201-0955/jre/bin;C:\ProgramData\Oracle\Java\javapath;C:\Program Files (x86)\Embarcadero\Studio\17.0\bin;C:\Users\Public\Documents\Embarcadero\Studio\17.0\Bpl;C:\Program Files (x86)\Embarcadero\Studio\17.0\bin64;C:\Users\Public\Documents\Embarcadero\Studio\17.0\Bpl\Win64;C:\Program Files (x86)\Embarcadero\RAD Studio\7.0\bin;C:\Users\Public\Documents\RAD Studio\7.0\Bpl;C:\oracle\product\10.2.0\db_1\bin;C:\Windows\system32;C:\Windows;C:\Windows\System32\Wbem;C:\Windows\System32\WindowsPowerShell\v1.0\;C:\Windows\System32\OpenSSH\;C:\Program Files (x86)\Sennheiser\SoftphoneSDK\;C:\Program Files (x86)\DevExpress VCL\Library\RS14;C:\Program Files (x86)\DevExpress VCL\Library\RS23;C:\Program Files (x86)\DevExpress VCL\Library\RS23\Win64;C:\Users\manutencao\Documents\tmssoftware\TMS Smooth Controls\bpl\;C:\Program Files (x86)\Totvs\PMan;C:\WINDOWS\system32;C:\WINDOWS;C:\WINDOWS\System32\Wbem;C:\WINDOWS\System32\WindowsPowerShell\v1.0\;C:\WINDOWS\System32\OpenSSH\;C:\pcsist\programas\jdk-1.8.0.11-win-x86\bin;C:\Program Files\Git\cmd;C:\pcsist\programas\apache-maven-3.0.5\bin;C:\Program Files (x86)\Intel\Intel(R) Management Engine Components\DAL;C:\Program Files\Intel\Intel(R) Management Engine Components\DAL;C:\Program Files\TortoiseGit\bin;C:\Program Files (x86)\Bitvise SSH Client;C:\Program Files\nodejs\;C:\Users\do.souza\AppData\Local\Microsoft\WindowsApps;C:\Users\do.souza\AppData\Local\Programs\Microsoft VS Code\bin;C:\Program Files (x86)\Meld;C:\Program Files\nodejs;;C:\eclipse;
USERNAME=do.souza
OS=Windows_NT
PROCESSOR_IDENTIFIER=Intel64 Family 6 Model 142 Stepping 10, GenuineIntel



---------------  S Y S T E M  ---------------

OS: Windows 8.1 , 64 bit Build 9600 

CPU:total 8 (4 cores per cpu, 2 threads per core) family 6 model 142 stepping 10, cmov, cx8, fxsr, mmx, sse, sse2, sse3, ssse3, sse4.1, sse4.2, popcnt, avx, avx2, aes, clmul, erms, ht, tsc, tscinvbit

Memory: 4k page, physical 16649364k(4443976k free), swap 24331612k(3432724k free)

vm_info: Java HotSpot(TM) Client VM (25.11-b03) for windows-x86 JRE (1.8.0_11-b12), built on Jun 16 2014 18:18:58 by "java_re" with MS VC++ 10.0 (VS2010)

time: Sun Feb 20 14:11:09 2022
elapsed time: 550 seconds

