#
# A fatal error has been detected by the Java Runtime Environment:
#
#  EXCEPTION_ACCESS_VIOLATION (0xc0000005) at pc=0x73c5e8bd, pid=27848, tid=23452
#
# JRE version: Java(TM) SE Runtime Environment (8.0_11-b12) (build 1.8.0_11-b12)
# Java VM: Java HotSpot(TM) Client VM (25.11-b03 mixed mode windows-x86 )
# Problematic frame:
# V  [jvm.dll+0xbe8bd]
#
# Failed to write core dump. Minidumps are not enabled by default on client versions of Windows
#
# If you would like to submit a bug report, please visit:
#   http://bugreport.sun.com/bugreport/crash.jsp
#

---------------  T H R E A D  ---------------

Current thread (0x15498400):  JavaThread "JDWP Transport Listener: dt_socket" daemon [_thread_in_vm, id=23452, stack(0x15c20000,0x15c70000)]

siginfo: ExceptionCode=0xc0000005, reading address 0x00000032

Registers:
EAX=0x00000032, EBX=0x00000000, ECX=0x00000032, EDX=0x00000000
ESP=0x15c6f368, EBP=0x15c6f36c, ESI=0x15498400, EDI=0x02d181e0
EIP=0x73c5e8bd, EFLAGS=0x00010202

Top of Stack: (sp=0x15c6f368)
0x15c6f368:   15498400 15c6f394 73db0b94 00000032
0x15c6f378:   15c6f44c 15c6f3cf 15498400 00000000
0x15c6f388:   00000000 00000000 15498400 15c6f3d0
0x15c6f398:   72f49f7b 02d181e0 00000032 15c6f3cf
0x15c6f3a8:   00000032 72f3436d 00000032 15c6f3cf
0x15c6f3b8:   00000002 00000000 00000000 f000100a
0x15c6f3c8:   00000000 014a3cc0 15c6f3f0 72f344e0
0x15c6f3d8:   00000001 15c6f40c 15c6f448 16038410 

Instructions: (pc=0x73c5e8bd)
0x73c5e89d:   5d c3 52 e8 eb f7 ff ff 5d c3 cc cc cc cc cc cc
0x73c5e8ad:   cc cc cc 55 8b ec 8b 45 08 85 c0 75 02 5d c3 56
0x73c5e8bd:   8b 30 85 f6 74 17 83 fe 37 74 12 8b 06 8b 50 04
0x73c5e8cd:   8b ce ff d2 84 c0 74 05 8b c6 5e 5d c3 33 c0 5e 


Register to memory mapping:

EAX=0x00000032 is an unknown value
EBX=0x00000000 is an unknown value
ECX=0x00000032 is an unknown value
EDX=0x00000000 is an unknown value
ESP=0x15c6f368 is pointing into the stack for thread: 0x15498400
EBP=0x15c6f36c is pointing into the stack for thread: 0x15498400
ESI=0x15498400 is a thread
EDI=0x02d181e0 is an unknown value


Stack: [0x15c20000,0x15c70000],  sp=0x15c6f368,  free space=316k
Native frames: (J=compiled Java code, j=interpreted, Vv=VM code, C=native code)
V  [jvm.dll+0xbe8bd]
V  [jvm.dll+0x210b94]
C  [jdwp.dll+0x19f7b]
C  [jdwp.dll+0x44e0]
C  [jdwp.dll+0x451e]


---------------  P R O C E S S  ---------------

Java Threads: ( => current thread )
  0x15f83c00 JavaThread "http-nio-8080-Acceptor" daemon [_thread_in_native, id=30968, stack(0x181a0000,0x181f0000)]
  0x15f7f400 JavaThread "http-nio-8080-Poller" daemon [_thread_in_native, id=30924, stack(0x18080000,0x180d0000)]
  0x15f83400 JavaThread "File Watcher" daemon [_thread_blocked, id=32828, stack(0x17fd0000,0x18020000)]
  0x15f84c00 JavaThread "container-0" [_thread_blocked, id=4532, stack(0x16f70000,0x16fc0000)]
  0x15f84000 JavaThread "Catalina-utility-2" [_thread_blocked, id=25240, stack(0x02ac0000,0x02b10000)]
  0x15f82c00 JavaThread "Catalina-utility-1" [_thread_blocked, id=25568, stack(0x01000000,0x01050000)]
  0x15f85800 JavaThread "http-nio-8080-exec-2" daemon [_thread_blocked, id=24812, stack(0x16ee0000,0x16f30000)]
  0x16aaac00 JavaThread "DestroyJavaVM" [_thread_blocked, id=33684, stack(0x02b50000,0x02ba0000)]
  0x16aaa000 JavaThread "Live Reload Server" daemon [_thread_in_native, id=32284, stack(0x18110000,0x18160000)]
  0x15657400 JavaThread "Service Thread" daemon [_thread_blocked, id=10684, stack(0x16260000,0x162b0000)]
  0x15628000 JavaThread "C1 CompilerThread0" daemon [_thread_blocked, id=24632, stack(0x15dd0000,0x15e20000)]
  0x154a5000 JavaThread "JDWP Command Reader" daemon [_thread_in_native, id=33424, stack(0x15d40000,0x15d90000)]
  0x154a0000 JavaThread "JDWP Event Helper Thread" daemon [_thread_blocked, id=17676, stack(0x15cb0000,0x15d00000)]
=>0x15498400 JavaThread "JDWP Transport Listener: dt_socket" daemon [_thread_in_vm, id=23452, stack(0x15c20000,0x15c70000)]
  0x1549cc00 JavaThread "Attach Listener" daemon [_thread_blocked, id=2744, stack(0x15850000,0x158a0000)]
  0x1549a800 JavaThread "Signal Dispatcher" daemon [_thread_blocked, id=28396, stack(0x157c0000,0x15810000)]
  0x15468800 JavaThread "Finalizer" daemon [_thread_blocked, id=16064, stack(0x15730000,0x15780000)]
  0x15462c00 JavaThread "Reference Handler" daemon [_thread_blocked, id=13652, stack(0x156a0000,0x156f0000)]

Other Threads:
  0x02f1dc00 VMThread [stack: 0x04f80000,0x04fd0000] [id=27860]
  0x15657c00 WatcherThread [stack: 0x162f0000,0x16340000] [id=32664]

VM state:not at safepoint (normal execution)

VM Mutex/Monitor currently owned by a thread: None

Heap:
 def new generation   total 11520K, used 7223K [0x05000000, 0x05c70000, 0x0a550000)
  eden space 10304K,  59% used [0x05000000, 0x055fe490, 0x05a10000)
  from space 1216K,  89% used [0x05a10000, 0x05b1fb10, 0x05b40000)
  to   space 1216K,   0% used [0x05b40000, 0x05b40000, 0x05c70000)
 tenured generation   total 25336K, used 18147K [0x0a550000, 0x0be0e000, 0x15000000)
   the space 25336K,  71% used [0x0a550000, 0x0b708d30, 0x0b708e00, 0x0be0e000)
 Metaspace       used 23988K, capacity 25553K, committed 25600K, reserved 25984K

Card table byte_map: [0x02c80000,0x02d10000] byte_map_base: 0x02c58000

Polling page: 0x01200000

CodeCache: size=32768Kb used=5071Kb max_used=5071Kb free=27696Kb
 bounds [0x02f20000, 0x03418000, 0x04f20000]
 total_blobs=2893 nmethods=2696 adapters=135
 compilation: enabled

Compilation events (10 events):
Event: 579.580 Thread 0x15628000 2707             java.util.Collections$SetFromMap::add (22 bytes)
Event: 579.580 Thread 0x15628000 nmethod 2707 0x03410348 code [0x03410450, 0x0341050c]
Event: 579.593 Thread 0x15628000 2708             org.springframework.boot.ansi.AnsiOutput::buildDisabled (47 bytes)
Event: 579.593 Thread 0x15628000 nmethod 2708 0x03410588 code [0x034106a0, 0x03410808]
Event: 579.595 Thread 0x15628000 2709             org.springframework.beans.factory.support.AbstractBeanFactory::getMergedBeanDefinition (44 bytes)
Event: 579.596 Thread 0x15628000 nmethod 2709 0x03410988 code [0x03410ae0, 0x03410d2c]
Event: 579.648 Thread 0x15628000 2710   !         org.springframework.context.event.AbstractApplicationEventMulticaster::retrieveApplicationListeners (415 bytes)
Event: 579.652 Thread 0x15628000 nmethod 2710 0x03410f88 code [0x03411320, 0x03412344]
Event: 586.877 Thread 0x15628000 2711             java.util.Collections$UnmodifiableCollection::size (10 bytes)
Event: 586.877 Thread 0x15628000 nmethod 2711 0x03413e48 code [0x03413f50, 0x03413fec]

GC Heap History (10 events):
Event: 578.145 GC heap before
{Heap before GC invocations=119 (full 6):
 def new generation   total 11008K, used 6092K [0x05000000, 0x05bf0000, 0x0a550000)
  eden space 9792K,  49% used [0x05000000, 0x054c3318, 0x05990000)
  from space 1216K, 100% used [0x05ac0000, 0x05bf0000, 0x05bf0000)
  to   space 1216K,   0% used [0x05990000, 0x05990000, 0x05ac0000)
 tenured generation   total 24404K, used 17280K [0x0a550000, 0x0bd25000, 0x15000000)
   the space 24404K,  70% used [0x0a550000, 0x0b6301e0, 0x0b630200, 0x0bd25000)
 Metaspace       used 23857K, capacity 25399K, committed 25472K, reserved 25984K
Event: 578.222 GC heap after
Heap after GC invocations=120 (full 7):
 def new generation   total 11520K, used 0K [0x05000000, 0x05c70000, 0x0a550000)
  eden space 10304K,   0% used [0x05000000, 0x05000000, 0x05a10000)
  from space 1216K,   0% used [0x05a10000, 0x05a10000, 0x05b40000)
  to   space 1216K,   0% used [0x05b40000, 0x05b40000, 0x05c70000)
 tenured generation   total 25336K, used 15200K [0x0a550000, 0x0be0e000, 0x15000000)
   the space 25336K,  59% used [0x0a550000, 0x0b4281e0, 0x0b428200, 0x0be0e000)
 Metaspace       used 23800K, capacity 25322K, committed 25472K, reserved 25984K
}
Event: 578.709 GC heap before
{Heap before GC invocations=120 (full 7):
 def new generation   total 11520K, used 10304K [0x05000000, 0x05c70000, 0x0a550000)
  eden space 10304K, 100% used [0x05000000, 0x05a10000, 0x05a10000)
  from space 1216K,   0% used [0x05a10000, 0x05a10000, 0x05b40000)
  to   space 1216K,   0% used [0x05b40000, 0x05b40000, 0x05c70000)
 tenured generation   total 25336K, used 15200K [0x0a550000, 0x0be0e000, 0x15000000)
   the space 25336K,  59% used [0x0a550000, 0x0b4281e0, 0x0b428200, 0x0be0e000)
 Metaspace       used 23805K, capacity 25331K, committed 25472K, reserved 25984K
Event: 578.718 GC heap after
Heap after GC invocations=121 (full 7):
 def new generation   total 11520K, used 1216K [0x05000000, 0x05c70000, 0x0a550000)
  eden space 10304K,   0% used [0x05000000, 0x05000000, 0x05a10000)
  from space 1216K, 100% used [0x05b40000, 0x05c70000, 0x05c70000)
  to   space 1216K,   0% used [0x05a10000, 0x05a10000, 0x05b40000)
 tenured generation   total 25336K, used 15431K [0x0a550000, 0x0be0e000, 0x15000000)
   the space 25336K,  60% used [0x0a550000, 0x0b461df0, 0x0b461e00, 0x0be0e000)
 Metaspace       used 23805K, capacity 25331K, committed 25472K, reserved 25984K
}
Event: 578.966 GC heap before
{Heap before GC invocations=121 (full 7):
 def new generation   total 11520K, used 11520K [0x05000000, 0x05c70000, 0x0a550000)
  eden space 10304K, 100% used [0x05000000, 0x05a10000, 0x05a10000)
  from space 1216K, 100% used [0x05b40000, 0x05c70000, 0x05c70000)
  to   space 1216K,   0% used [0x05a10000, 0x05a10000, 0x05b40000)
 tenured generation   total 25336K, used 15431K [0x0a550000, 0x0be0e000, 0x15000000)
   the space 25336K,  60% used [0x0a550000, 0x0b461df0, 0x0b461e00, 0x0be0e000)
 Metaspace       used 23830K, capacity 25389K, committed 25472K, reserved 25984K
Event: 578.974 GC heap after
Heap after GC invocations=122 (full 7):
 def new generation   total 11520K, used 810K [0x05000000, 0x05c70000, 0x0a550000)
  eden space 10304K,   0% used [0x05000000, 0x05000000, 0x05a10000)
  from space 1216K,  66% used [0x05a10000, 0x05ada9d8, 0x05b40000)
  to   space 1216K,   0% used [0x05b40000, 0x05b40000, 0x05c70000)
 tenured generation   total 25336K, used 16633K [0x0a550000, 0x0be0e000, 0x15000000)
   the space 25336K,  65% used [0x0a550000, 0x0b58e770, 0x0b58e800, 0x0be0e000)
 Metaspace       used 23830K, capacity 25389K, committed 25472K, reserved 25984K
}
Event: 579.197 GC heap before
{Heap before GC invocations=122 (full 7):
 def new generation   total 11520K, used 11106K [0x05000000, 0x05c70000, 0x0a550000)
  eden space 10304K,  99% used [0x05000000, 0x05a0e078, 0x05a10000)
  from space 1216K,  66% used [0x05a10000, 0x05ada9d8, 0x05b40000)
  to   space 1216K,   0% used [0x05b40000, 0x05b40000, 0x05c70000)
 tenured generation   total 25336K, used 16633K [0x0a550000, 0x0be0e000, 0x15000000)
   the space 25336K,  65% used [0x0a550000, 0x0b58e770, 0x0b58e800, 0x0be0e000)
 Metaspace       used 23869K, capacity 25434K, committed 25472K, reserved 25984K
Event: 579.205 GC heap after
Heap after GC invocations=123 (full 7):
 def new generation   total 11520K, used 1215K [0x05000000, 0x05c70000, 0x0a550000)
  eden space 10304K,   0% used [0x05000000, 0x05000000, 0x05a10000)
  from space 1216K,  99% used [0x05b40000, 0x05c6fff8, 0x05c70000)
  to   space 1216K,   0% used [0x05a10000, 0x05a10000, 0x05b40000)
 tenured generation   total 25336K, used 17058K [0x0a550000, 0x0be0e000, 0x15000000)
   the space 25336K,  67% used [0x0a550000, 0x0b5f8a88, 0x0b5f8c00, 0x0be0e000)
 Metaspace       used 23869K, capacity 25434K, committed 25472K, reserved 25984K
}
Event: 579.471 GC heap before
{Heap before GC invocations=123 (full 7):
 def new generation   total 11520K, used 11519K [0x05000000, 0x05c70000, 0x0a550000)
  eden space 10304K, 100% used [0x05000000, 0x05a10000, 0x05a10000)
  from space 1216K,  99% used [0x05b40000, 0x05c6fff8, 0x05c70000)
  to   space 1216K,   0% used [0x05a10000, 0x05a10000, 0x05b40000)
 tenured generation   total 25336K, used 17058K [0x0a550000, 0x0be0e000, 0x15000000)
   the space 25336K,  67% used [0x0a550000, 0x0b5f8a88, 0x0b5f8c00, 0x0be0e000)
 Metaspace       used 23952K, capacity 25518K, committed 25600K, reserved 25984K
Event: 579.482 GC heap after
Heap after GC invocations=124 (full 7):
 def new generation   total 11520K, used 1086K [0x05000000, 0x05c70000, 0x0a550000)
  eden space 10304K,   0% used [0x05000000, 0x05000000, 0x05a10000)
  from space 1216K,  89% used [0x05a10000, 0x05b1fb10, 0x05b40000)
  to   space 1216K,   0% used [0x05b40000, 0x05b40000, 0x05c70000)
 tenured generation   total 25336K, used 18147K [0x0a550000, 0x0be0e000, 0x15000000)
   the space 25336K,  71% used [0x0a550000, 0x0b708d30, 0x0b708e00, 0x0be0e000)
 Metaspace       used 23952K, capacity 25518K, committed 25600K, reserved 25984K
}

Deoptimization events (0 events):
No events

Internal exceptions (10 events):
Event: 579.529 Thread 0x15f82800 Exception <a 'java/security/PrivilegedActionException'> (0x050de798) thrown at [D:\re\puppet\workspace\8-2-build-windows-i586-cygwin\jdk8u11\648\hotspot\src\share\vm\prims\jvm.cpp, line 1248]
Event: 579.554 Thread 0x15f82800 Exception <a 'java/security/PrivilegedActionException'> (0x05167b80) thrown at [D:\re\puppet\workspace\8-2-build-windows-i586-cygwin\jdk8u11\648\hotspot\src\share\vm\prims\jvm.cpp, line 1248]
Event: 579.554 Thread 0x15f82800 Exception <a 'java/security/PrivilegedActionException'> (0x0516aaf8) thrown at [D:\re\puppet\workspace\8-2-build-windows-i586-cygwin\jdk8u11\648\hotspot\src\share\vm\prims\jvm.cpp, line 1248]
Event: 579.555 Thread 0x15f82800 Exception <a 'java/security/PrivilegedActionException'> (0x0516b4c8) thrown at [D:\re\puppet\workspace\8-2-build-windows-i586-cygwin\jdk8u11\648\hotspot\src\share\vm\prims\jvm.cpp, line 1248]
Event: 579.555 Thread 0x15f82800 Exception <a 'java/security/PrivilegedActionException'> (0x0516e440) thrown at [D:\re\puppet\workspace\8-2-build-windows-i586-cygwin\jdk8u11\648\hotspot\src\share\vm\prims\jvm.cpp, line 1248]
Event: 579.577 Thread 0x15f82800 Exception <a 'java/lang/ArrayIndexOutOfBoundsException'> (0x051fd288) thrown at [D:\re\puppet\workspace\8-2-build-windows-i586-cygwin\jdk8u11\648\hotspot\src\share\vm\runtime\sharedRuntime.cpp, line 595]
Event: 579.578 Thread 0x15f82800 Exception <a 'java/lang/ArrayIndexOutOfBoundsException'> (0x052155c0) thrown at [D:\re\puppet\workspace\8-2-build-windows-i586-cygwin\jdk8u11\648\hotspot\src\share\vm\runtime\sharedRuntime.cpp, line 595]
Event: 611.136 Thread 0x15498400 Exception <a 'java/security/PrivilegedActionException'> (0x055c0788) thrown at [D:\re\puppet\workspace\8-2-build-windows-i586-cygwin\jdk8u11\648\hotspot\src\share\vm\prims\jvm.cpp, line 1248]
Event: 611.141 Thread 0x15498400 Exception <a 'java/security/PrivilegedActionException'> (0x055d3ec8) thrown at [D:\re\puppet\workspace\8-2-build-windows-i586-cygwin\jdk8u11\648\hotspot\src\share\vm\prims\jvm.cpp, line 1248]
Event: 611.145 Thread 0x15498400 Exception <a 'java/security/PrivilegedActionException'> (0x055f75d0) thrown at [D:\re\puppet\workspace\8-2-build-windows-i586-cygwin\jdk8u11\648\hotspot\src\share\vm\prims\jvm.cpp, line 1248]

Events (10 events):
Event: 611.145 Thread 0x15498400 DEOPT PACKING pc=0x0303a4d4 sp=0x15c6d740
Event: 611.145 Thread 0x15498400 DEOPT UNPACKING pc=0x02f5c34c sp=0x15c6d600 mode 1
Event: 611.145 Thread 0x15498400 DEOPT PACKING pc=0x03011d68 sp=0x15c6d7a0
Event: 611.145 Thread 0x15498400 DEOPT UNPACKING pc=0x02f5c34c sp=0x15c6d630 mode 1
Event: 611.145 Thread 0x15498400 DEOPT PACKING pc=0x033cb590 sp=0x15c6dbe0
Event: 611.146 Thread 0x15498400 DEOPT UNPACKING pc=0x02f5c34c sp=0x15c6da6c mode 1
Event: 611.146 Thread 0x15498400 DEOPT PACKING pc=0x033ca378 sp=0x15c6dc40
Event: 611.146 Thread 0x15498400 DEOPT UNPACKING pc=0x02f5c34c sp=0x15c6db14 mode 1
Event: 611.148 Executing VM operation: RedefineClasses
Event: 611.232 Executing VM operation: RedefineClasses done


Dynamic libraries:
0x00c40000 - 0x00c70000 	C:\pcsist\programas\jdk-1.8.0.11-win-x86\jre\bin\javaw.exe
0x77c60000 - 0x77dfa000 	C:\WINDOWS\SYSTEM32\ntdll.dll
0x76740000 - 0x76820000 	C:\WINDOWS\System32\KERNEL32.DLL
0x75e30000 - 0x7602c000 	C:\WINDOWS\System32\KERNELBASE.dll
0x76e30000 - 0x76ea9000 	C:\WINDOWS\System32\ADVAPI32.dll
0x754b0000 - 0x7556f000 	C:\WINDOWS\System32\msvcrt.dll
0x77bd0000 - 0x77c46000 	C:\WINDOWS\System32\sechost.dll
0x75c90000 - 0x75d4b000 	C:\WINDOWS\System32\RPCRT4.dll
0x75430000 - 0x75450000 	C:\WINDOWS\System32\SspiCli.dll
0x75420000 - 0x7542a000 	C:\WINDOWS\System32\CRYPTBASE.dll
0x76460000 - 0x764bf000 	C:\WINDOWS\System32\bcryptPrimitives.dll
0x75570000 - 0x75707000 	C:\WINDOWS\System32\USER32.dll
0x77580000 - 0x77597000 	C:\WINDOWS\System32\win32u.dll
0x761b0000 - 0x761d1000 	C:\WINDOWS\System32\GDI32.dll
0x76cd0000 - 0x76e2a000 	C:\WINDOWS\System32\gdi32full.dll
0x75d50000 - 0x75dcc000 	C:\WINDOWS\System32\msvcp_win.dll
0x76620000 - 0x7673f000 	C:\WINDOWS\System32\ucrtbase.dll
0x74000000 - 0x7420f000 	C:\WINDOWS\WinSxS\x86_microsoft.windows.common-controls_6595b64144ccf1df_6.0.18362.535_none_2e70ea1e278c3127\COMCTL32.dll
0x77890000 - 0x77b06000 	C:\WINDOWS\System32\combase.dll
0x764c0000 - 0x764e5000 	C:\WINDOWS\System32\IMM32.DLL
0x73f40000 - 0x73fff000 	C:\pcsist\programas\jdk-1.8.0.11-win-x86\jre\bin\msvcr100.dll
0x73ba0000 - 0x73f37000 	C:\pcsist\programas\jdk-1.8.0.11-win-x86\jre\bin\client\jvm.dll
0x777f0000 - 0x777f6000 	C:\WINDOWS\System32\PSAPI.DLL
0x74d80000 - 0x74d88000 	C:\WINDOWS\SYSTEM32\WSOCK32.dll
0x74c40000 - 0x74c64000 	C:\WINDOWS\SYSTEM32\WINMM.dll
0x77670000 - 0x776ce000 	C:\WINDOWS\System32\WS2_32.dll
0x74c10000 - 0x74c33000 	C:\WINDOWS\SYSTEM32\WINMMBASE.dll
0x775a0000 - 0x775db000 	C:\WINDOWS\System32\cfgmgr32.dll
0x74a10000 - 0x74a1c000 	C:\pcsist\programas\jdk-1.8.0.11-win-x86\jre\bin\verify.dll
0x73b70000 - 0x73b91000 	C:\pcsist\programas\jdk-1.8.0.11-win-x86\jre\bin\java.dll
0x72f30000 - 0x72f59000 	C:\pcsist\programas\jdk-1.8.0.11-win-x86\jre\bin\jdwp.dll
0x73980000 - 0x73987000 	C:\pcsist\programas\jdk-1.8.0.11-win-x86\jre\bin\npt.dll
0x72e60000 - 0x72e80000 	C:\pcsist\programas\jdk-1.8.0.11-win-x86\jre\bin\instrument.dll
0x73b50000 - 0x73b63000 	C:\pcsist\programas\jdk-1.8.0.11-win-x86\jre\bin\zip.dll
0x75710000 - 0x75c8a000 	C:\WINDOWS\System32\SHELL32.dll
0x775e0000 - 0x77664000 	C:\WINDOWS\System32\shcore.dll
0x76ef0000 - 0x774b5000 	C:\WINDOWS\System32\windows.storage.dll
0x76600000 - 0x76617000 	C:\WINDOWS\System32\profapi.dll
0x76820000 - 0x76863000 	C:\WINDOWS\System32\powrprof.dll
0x777c0000 - 0x777cd000 	C:\WINDOWS\System32\UMPDC.dll
0x776d0000 - 0x77714000 	C:\WINDOWS\System32\shlwapi.dll
0x77bc0000 - 0x77bcf000 	C:\WINDOWS\System32\kernel.appcore.dll
0x76eb0000 - 0x76ec3000 	C:\WINDOWS\System32\cryptsp.dll
0x73970000 - 0x73978000 	C:\pcsist\programas\jdk-1.8.0.11-win-x86\jre\bin\dt_socket.dll
0x74bb0000 - 0x74bc1000 	C:\WINDOWS\system32\napinsp.dll
0x74b30000 - 0x74b46000 	C:\WINDOWS\system32\pnrpnsp.dll
0x74b50000 - 0x74ba2000 	C:\WINDOWS\System32\mswsock.dll
0x74a20000 - 0x74ab1000 	C:\WINDOWS\SYSTEM32\DNSAPI.dll
0x76450000 - 0x76457000 	C:\WINDOWS\System32\NSI.dll
0x74df0000 - 0x74e22000 	C:\WINDOWS\SYSTEM32\IPHLPAPI.DLL
0x74a00000 - 0x74a0b000 	C:\WINDOWS\System32\winrnr.dll
0x749e0000 - 0x749f6000 	C:\WINDOWS\system32\NLAapi.dll
0x749d0000 - 0x749e0000 	C:\WINDOWS\system32\wshbth.dll
0x74960000 - 0x749b1000 	C:\WINDOWS\System32\fwpuclnt.dll
0x76ed0000 - 0x76ee9000 	C:\WINDOWS\System32\bcrypt.dll
0x749c0000 - 0x749c8000 	C:\Windows\System32\rasadhlp.dll
0x73af0000 - 0x73afa000 	C:\pcsist\programas\jdk-1.8.0.11-win-x86\jre\bin\management.dll
0x73b30000 - 0x73b44000 	C:\pcsist\programas\jdk-1.8.0.11-win-x86\jre\bin\net.dll
0x73ae0000 - 0x73aef000 	C:\pcsist\programas\jdk-1.8.0.11-win-x86\jre\bin\nio.dll
0x74500000 - 0x7452f000 	C:\WINDOWS\system32\rsaenh.dll
0x74db0000 - 0x74dce000 	C:\WINDOWS\SYSTEM32\USERENV.dll
0x74370000 - 0x74383000 	C:\WINDOWS\SYSTEM32\dhcpcsvc6.DLL
0x74bd0000 - 0x74be5000 	C:\WINDOWS\SYSTEM32\dhcpcsvc.DLL
0x73b10000 - 0x73b30000 	C:\pcsist\programas\jdk-1.8.0.11-win-x86\jre\bin\sunec.dll
0x6ea90000 - 0x6ec1f000 	C:\WINDOWS\SYSTEM32\dbghelp.dll

VM Arguments:
jvm_args: -agentlib:jdwp=transport=dt_socket,suspend=y,address=localhost:54781 -javaagent:C:\eclipse\configuration\org.eclipse.osgi\1085\0\.cp\lib\javaagent-shaded.jar -Dfile.encoding=UTF-8 
java_command: br.com.dnsouza.exemplelottery.ExempleLotteryApplication
java_class_path (initial): C:\projetos\exemple-lottery\target\classes;C:\Users\do.souza\.m2\repository\org\springframework\boot\spring-boot-starter-web\2.6.3\spring-boot-starter-web-2.6.3.jar;C:\Users\do.souza\.m2\repository\org\springframework\boot\spring-boot-starter\2.6.3\spring-boot-starter-2.6.3.jar;C:\Users\do.souza\.m2\repository\org\springframework\boot\spring-boot-starter-logging\2.6.3\spring-boot-starter-logging-2.6.3.jar;C:\Users\do.souza\.m2\repository\ch\qos\logback\logback-classic\1.2.10\logback-classic-1.2.10.jar;C:\Users\do.souza\.m2\repository\ch\qos\logback\logback-core\1.2.10\logback-core-1.2.10.jar;C:\Users\do.souza\.m2\repository\org\apache\logging\log4j\log4j-to-slf4j\2.17.1\log4j-to-slf4j-2.17.1.jar;C:\Users\do.souza\.m2\repository\org\apache\logging\log4j\log4j-api\2.17.1\log4j-api-2.17.1.jar;C:\Users\do.souza\.m2\repository\org\slf4j\jul-to-slf4j\1.7.33\jul-to-slf4j-1.7.33.jar;C:\Users\do.souza\.m2\repository\jakarta\annotation\jakarta.annotation-api\1.3.5\jakarta.annotation-api-1.3.5.jar;C:\Users\do.souza\.m2\repository\org\yaml\snakeyaml\1.29\snakeyaml-1.29.jar;C:\Users\do.souza\.m2\repository\org\springframework\boot\spring-boot-starter-json\2.6.3\spring-boot-starter-json-2.6.3.jar;C:\Users\do.souza\.m2\repository\com\fasterxml\jackson\core\jackson-databind\2.13.1\jackson-databind-2.13.1.jar;C:\Users\do.souza\.m2\repository\com\fasterxml\jackson\core\jackson-annotations\2.13.1\jackson-annotations-2.13.1.jar;C:\Users\do.souza\.m2\repository\com\fasterxml\jackson\core\jackson-core\2.13.1\jackson-core-2.13.1.jar;C:\Users\do.souza\.m2\repository\com\fasterxml\jackson\datatype\jackson-datatype-jdk8\2.13.1\jackson-datatype-jdk8-2.13.1.jar;C:\Users\do.souza\.m2\repository\com\fasterxml\jackson\datatype\jackson-datatype-jsr310\2.13.1\jackson-datatype-jsr310-2.13.1.jar;C:\Users\do.souza\.m2\repository\com\fasterxml\jackson\module\jackson-module-parameter-names\2.13.1\jackson-module-parameter-names-2.13.1.jar;C:\Users\do.souza\.m2\repository\org\
Launcher Type: SUN_STANDARD

Environment Variables:
JAVA_HOME=C:\pcsist\programas\jdk-1.8.0.11-win-x86
PATH=C:\pcsist\programas\jdk-1.8.0.11-win-x86\jre\bin;C:/eclipse//plugins/org.eclipse.justj.openjdk.hotspot.jre.full.win32.x86_64_15.0.2.v20210201-0955/jre/bin/server;C:/eclipse//plugins/org.eclipse.justj.openjdk.hotspot.jre.full.win32.x86_64_15.0.2.v20210201-0955/jre/bin;C:\ProgramData\Oracle\Java\javapath;C:\Program Files (x86)\Embarcadero\Studio\17.0\bin;C:\Users\Public\Documents\Embarcadero\Studio\17.0\Bpl;C:\Program Files (x86)\Embarcadero\Studio\17.0\bin64;C:\Users\Public\Documents\Embarcadero\Studio\17.0\Bpl\Win64;C:\Program Files (x86)\Embarcadero\RAD Studio\7.0\bin;C:\Users\Public\Documents\RAD Studio\7.0\Bpl;C:\oracle\product\10.2.0\db_1\bin;C:\Windows\system32;C:\Windows;C:\Windows\System32\Wbem;C:\Windows\System32\WindowsPowerShell\v1.0\;C:\Windows\System32\OpenSSH\;C:\Program Files (x86)\Sennheiser\SoftphoneSDK\;C:\Program Files (x86)\DevExpress VCL\Library\RS14;C:\Program Files (x86)\DevExpress VCL\Library\RS23;C:\Program Files (x86)\DevExpress VCL\Library\RS23\Win64;C:\Users\manutencao\Documents\tmssoftware\TMS Smooth Controls\bpl\;C:\Program Files (x86)\Totvs\PMan;C:\WINDOWS\system32;C:\WINDOWS;C:\WINDOWS\System32\Wbem;C:\WINDOWS\System32\WindowsPowerShell\v1.0\;C:\WINDOWS\System32\OpenSSH\;C:\pcsist\programas\jdk-1.8.0.11-win-x86\bin;C:\Program Files\Git\cmd;C:\pcsist\programas\apache-maven-3.0.5\bin;C:\Program Files (x86)\Intel\Intel(R) Management Engine Components\DAL;C:\Program Files\Intel\Intel(R) Management Engine Components\DAL;C:\Program Files\TortoiseGit\bin;C:\Program Files (x86)\Bitvise SSH Client;C:\Program Files\nodejs\;C:\Users\do.souza\AppData\Local\Microsoft\WindowsApps;C:\Users\do.souza\AppData\Local\Programs\Microsoft VS Code\bin;C:\Program Files (x86)\Meld;C:\Program Files\nodejs;;C:\eclipse;
USERNAME=do.souza
OS=Windows_NT
PROCESSOR_IDENTIFIER=Intel64 Family 6 Model 142 Stepping 10, GenuineIntel



---------------  S Y S T E M  ---------------

OS: Windows 8.1 , 64 bit Build 9600 

CPU:total 8 (4 cores per cpu, 2 threads per core) family 6 model 142 stepping 10, cmov, cx8, fxsr, mmx, sse, sse2, sse3, ssse3, sse4.1, sse4.2, popcnt, avx, avx2, aes, clmul, erms, ht, tsc, tscinvbit

Memory: 4k page, physical 16649364k(5819304k free), swap 22231500k(2588756k free)

vm_info: Java HotSpot(TM) Client VM (25.11-b03) for windows-x86 JRE (1.8.0_11-b12), built on Jun 16 2014 18:18:58 by "java_re" with MS VC++ 10.0 (VS2010)

time: Tue Feb 22 15:57:33 2022
elapsed time: 611 seconds

