#
# A fatal error has been detected by the Java Runtime Environment:
#
#  Internal Error (constantPool.cpp:1351), pid=3684, tid=13800
#  Error: ShouldNotReachHere()
#
# JRE version: Java(TM) SE Runtime Environment (8.0_11-b12) (build 1.8.0_11-b12)
# Java VM: Java HotSpot(TM) Client VM (25.11-b03 mixed mode windows-x86 )
# Failed to write core dump. Minidumps are not enabled by default on client versions of Windows
#
# If you would like to submit a bug report, please visit:
#   http://bugreport.sun.com/bugreport/crash.jsp
#

---------------  T H R E A D  ---------------

Current thread (0x15550c00):  JavaThread "JDWP Transport Listener: dt_socket" daemon [_thread_in_vm, id=13800, stack(0x15cf0000,0x15d40000)]

Stack: [0x15cf0000,0x15d40000],  sp=0x15d3f3d8,  free space=316k
Native frames: (J=compiled Java code, j=interpreted, Vv=VM code, C=native code)
V  [jvm.dll+0x19231b]
V  [jvm.dll+0x18b4e4]
V  [jvm.dll+0xa0433]
V  [jvm.dll+0x11808d]
V  [jvm.dll+0x11a3ea]
V  [jvm.dll+0x11ab31]
V  [jvm.dll+0x11b343]
V  [jvm.dll+0x100bea]
V  [jvm.dll+0x20f063]
C  [jdwp.dll+0x7ec8]
C  [jdwp.dll+0xbd34]


---------------  P R O C E S S  ---------------

Java Threads: ( => current thread )
  0x1627f400 JavaThread "http-nio-8080-Acceptor" daemon [_thread_in_native, id=32636, stack(0x19120000,0x19170000)]
  0x16284000 JavaThread "http-nio-8080-Poller" daemon [_thread_in_native, id=18824, stack(0x19070000,0x190c0000)]
  0x16282400 JavaThread "File Watcher" daemon [_thread_blocked, id=20624, stack(0x18dc0000,0x18e10000)]
  0x16281400 JavaThread "container-0" [_thread_blocked, id=10996, stack(0x18d30000,0x18d80000)]
  0x16283800 JavaThread "Catalina-utility-2" [_thread_blocked, id=29208, stack(0x173d0000,0x17420000)]
  0x16283400 JavaThread "Catalina-utility-1" [_thread_blocked, id=10984, stack(0x010d0000,0x01120000)]
  0x16704800 JavaThread "DestroyJavaVM" [_thread_blocked, id=22168, stack(0x02c00000,0x02c50000)]
  0x166e5400 JavaThread "Live Reload Server" daemon [_thread_in_native, id=9196, stack(0x191b0000,0x19200000)]
  0x156e9000 JavaThread "Service Thread" daemon [_thread_blocked, id=24244, stack(0x16330000,0x16380000)]
  0x156ba800 JavaThread "C1 CompilerThread0" daemon [_thread_blocked, id=14212, stack(0x15ea0000,0x15ef0000)]
  0x15554c00 JavaThread "JDWP Command Reader" daemon [_thread_in_native, id=9752, stack(0x15e10000,0x15e60000)]
  0x15551800 JavaThread "JDWP Event Helper Thread" daemon [_thread_blocked, id=23868, stack(0x15d80000,0x15dd0000)]
=>0x15550c00 JavaThread "JDWP Transport Listener: dt_socket" daemon [_thread_in_vm, id=13800, stack(0x15cf0000,0x15d40000)]
  0x1554c400 JavaThread "Attach Listener" daemon [_thread_blocked, id=23988, stack(0x15900000,0x15950000)]
  0x1554a400 JavaThread "Signal Dispatcher" daemon [_thread_blocked, id=19352, stack(0x15870000,0x158c0000)]
  0x15519800 JavaThread "Finalizer" daemon [_thread_blocked, id=6220, stack(0x157e0000,0x15830000)]
  0x15512c00 JavaThread "Reference Handler" daemon [_thread_blocked, id=32620, stack(0x15750000,0x157a0000)]

Other Threads:
  0x02eedc00 VMThread [stack: 0x154c0000,0x15510000] [id=27552]
  0x15ef8c00 WatcherThread [stack: 0x163c0000,0x16410000] [id=6764]

VM state:not at safepoint (normal execution)

VM Mutex/Monitor currently owned by a thread: None

Heap:
 def new generation   total 12416K, used 9933K [0x05000000, 0x05d70000, 0x0a550000)
  eden space 11072K,  82% used [0x05000000, 0x058e3870, 0x05ad0000)
  from space 1344K,  61% used [0x05c20000, 0x05cefdd0, 0x05d70000)
  to   space 1344K,   0% used [0x05ad0000, 0x05ad0000, 0x05c20000)
 tenured generation   total 27416K, used 17620K [0x0a550000, 0x0c016000, 0x15000000)
   the space 27416K,  64% used [0x0a550000, 0x0b6852b0, 0x0b685400, 0x0c016000)
 Metaspace       used 21840K, capacity 23392K, committed 23424K, reserved 23936K

Card table byte_map: [0x04f70000,0x05000000] byte_map_base: 0x04f48000

Polling page: 0x01360000

CodeCache: size=32768Kb used=5034Kb max_used=5034Kb free=27733Kb
 bounds [0x02ef0000, 0x033e0000, 0x04ef0000]
 total_blobs=2972 nmethods=2779 adapters=131
 compilation: enabled

Compilation events (10 events):
Event: 177.521 Thread 0x156ba800 2790             org.springframework.util.ClassUtils::getAllInterfacesForClassAsSet (106 bytes)
Event: 177.523 Thread 0x156ba800 nmethod 2790 0x033d8608 code [0x033d8810, 0x033d8e40]
Event: 177.548 Thread 0x156ba800 2791             java.lang.ThreadLocal$ThreadLocalMap::<init> (148 bytes)
Event: 177.549 Thread 0x156ba800 nmethod 2791 0x033d97c8 code [0x033d9900, 0x033d9c78]
Event: 177.554 Thread 0x156ba800 2792             org.springframework.core.ResolvableType::getGeneric (90 bytes)
Event: 177.554 Thread 0x156ba800 nmethod 2792 0x033da0c8 code [0x033da1f0, 0x033da398]
Event: 177.555 Thread 0x156ba800 2793             org.springframework.boot.autoconfigure.condition.ConditionEvaluationReport$$Lambda$604/3105177::accept (20 bytes)
Event: 177.555 Thread 0x156ba800 nmethod 2793 0x033da508 code [0x033da610, 0x033da71c]
Event: 177.555 Thread 0x156ba800 2794             org.springframework.boot.autoconfigure.condition.ConditionEvaluationReport::lambda$getDelta$3 (44 bytes)
Event: 177.555 Thread 0x156ba800 nmethod 2794 0x033da7c8 code [0x033da900, 0x033daa7c]

GC Heap History (10 events):
Event: 143.321 GC heap before
{Heap before GC invocations=117 (full 8):
 def new generation   total 10368K, used 10085K [0x05000000, 0x05b30000, 0x0a550000)
  eden space 9280K, 100% used [0x05000000, 0x05910000, 0x05910000)
  from space 1088K,  74% used [0x05910000, 0x059d9548, 0x05a20000)
  to   space 1088K,   0% used [0x05a20000, 0x05a20000, 0x05b30000)
 tenured generation   total 22792K, used 16474K [0x0a550000, 0x0bb92000, 0x15000000)
   the space 22792K,  72% used [0x0a550000, 0x0b5668a8, 0x0b566a00, 0x0bb92000)
 Metaspace       used 21602K, capacity 23135K, committed 23168K, reserved 23936K
Event: 143.327 GC heap after
Heap after GC invocations=118 (full 8):
 def new generation   total 10368K, used 899K [0x05000000, 0x05b30000, 0x0a550000)
  eden space 9280K,   0% used [0x05000000, 0x05000000, 0x05910000)
  from space 1088K,  82% used [0x05a20000, 0x05b00c08, 0x05b30000)
  to   space 1088K,   0% used [0x05910000, 0x05910000, 0x05a20000)
 tenured generation   total 22792K, used 16728K [0x0a550000, 0x0bb92000, 0x15000000)
   the space 22792K,  73% used [0x0a550000, 0x0b5a61d0, 0x0b5a6200, 0x0bb92000)
 Metaspace       used 21602K, capacity 23135K, committed 23168K, reserved 23936K
}
Event: 176.624 GC heap before
{Heap before GC invocations=118 (full 8):
 def new generation   total 10368K, used 5891K [0x05000000, 0x05b30000, 0x0a550000)
  eden space 9280K,  53% used [0x05000000, 0x054e0390, 0x05910000)
  from space 1088K,  82% used [0x05a20000, 0x05b00c08, 0x05b30000)
  to   space 1088K,   0% used [0x05910000, 0x05910000, 0x05a20000)
 tenured generation   total 22792K, used 16728K [0x0a550000, 0x0bb92000, 0x15000000)
   the space 22792K,  73% used [0x0a550000, 0x0b5a61d0, 0x0b5a6200, 0x0bb92000)
 Metaspace       used 21742K, capacity 23275K, committed 23296K, reserved 23936K
Event: 176.699 GC heap after
Heap after GC invocations=119 (full 9):
 def new generation   total 12416K, used 0K [0x05000000, 0x05d70000, 0x0a550000)
  eden space 11072K,   0% used [0x05000000, 0x05000000, 0x05ad0000)
  from space 1344K,   0% used [0x05ad0000, 0x05ad0000, 0x05c20000)
  to   space 1344K,   0% used [0x05c20000, 0x05c20000, 0x05d70000)
 tenured generation   total 27416K, used 16449K [0x0a550000, 0x0c016000, 0x15000000)
   the space 27416K,  59% used [0x0a550000, 0x0b560608, 0x0b560800, 0x0c016000)
 Metaspace       used 21742K, capacity 23275K, committed 23296K, reserved 23936K
}
Event: 176.970 GC heap before
{Heap before GC invocations=119 (full 9):
 def new generation   total 12416K, used 11072K [0x05000000, 0x05d70000, 0x0a550000)
  eden space 11072K, 100% used [0x05000000, 0x05ad0000, 0x05ad0000)
  from space 1344K,   0% used [0x05ad0000, 0x05ad0000, 0x05c20000)
  to   space 1344K,   0% used [0x05c20000, 0x05c20000, 0x05d70000)
 tenured generation   total 27416K, used 16449K [0x0a550000, 0x0c016000, 0x15000000)
   the space 27416K,  59% used [0x0a550000, 0x0b560608, 0x0b560800, 0x0c016000)
 Metaspace       used 21745K, capacity 23282K, committed 23296K, reserved 23936K
Event: 176.976 GC heap after
Heap after GC invocations=120 (full 9):
 def new generation   total 12416K, used 1344K [0x05000000, 0x05d70000, 0x0a550000)
  eden space 11072K,   0% used [0x05000000, 0x05000000, 0x05ad0000)
  from space 1344K, 100% used [0x05c20000, 0x05d70000, 0x05d70000)
  to   space 1344K,   0% used [0x05ad0000, 0x05ad0000, 0x05c20000)
 tenured generation   total 27416K, used 16504K [0x0a550000, 0x0c016000, 0x15000000)
   the space 27416K,  60% used [0x0a550000, 0x0b56e028, 0x0b56e200, 0x0c016000)
 Metaspace       used 21745K, capacity 23282K, committed 23296K, reserved 23936K
}
Event: 177.153 GC heap before
{Heap before GC invocations=120 (full 9):
 def new generation   total 12416K, used 12416K [0x05000000, 0x05d70000, 0x0a550000)
  eden space 11072K, 100% used [0x05000000, 0x05ad0000, 0x05ad0000)
  from space 1344K, 100% used [0x05c20000, 0x05d70000, 0x05d70000)
  to   space 1344K,   0% used [0x05ad0000, 0x05ad0000, 0x05c20000)
 tenured generation   total 27416K, used 16504K [0x0a550000, 0x0c016000, 0x15000000)
   the space 27416K,  60% used [0x0a550000, 0x0b56e028, 0x0b56e200, 0x0c016000)
 Metaspace       used 21757K, capacity 23320K, committed 23424K, reserved 23936K
Event: 177.158 GC heap after
Heap after GC invocations=121 (full 9):
 def new generation   total 12416K, used 911K [0x05000000, 0x05d70000, 0x0a550000)
  eden space 11072K,   0% used [0x05000000, 0x05000000, 0x05ad0000)
  from space 1344K,  67% used [0x05ad0000, 0x05bb3ed0, 0x05c20000)
  to   space 1344K,   0% used [0x05c20000, 0x05c20000, 0x05d70000)
 tenured generation   total 27416K, used 17121K [0x0a550000, 0x0c016000, 0x15000000)
   the space 27416K,  62% used [0x0a550000, 0x0b608758, 0x0b608800, 0x0c016000)
 Metaspace       used 21757K, capacity 23320K, committed 23424K, reserved 23936K
}
Event: 177.370 GC heap before
{Heap before GC invocations=121 (full 9):
 def new generation   total 12416K, used 11983K [0x05000000, 0x05d70000, 0x0a550000)
  eden space 11072K, 100% used [0x05000000, 0x05ad0000, 0x05ad0000)
  from space 1344K,  67% used [0x05ad0000, 0x05bb3ed0, 0x05c20000)
  to   space 1344K,   0% used [0x05c20000, 0x05c20000, 0x05d70000)
 tenured generation   total 27416K, used 17121K [0x0a550000, 0x0c016000, 0x15000000)
   the space 27416K,  62% used [0x0a550000, 0x0b608758, 0x0b608800, 0x0c016000)
 Metaspace       used 21772K, capacity 23325K, committed 23424K, reserved 23936K
Event: 177.377 GC heap after
Heap after GC invocations=122 (full 9):
 def new generation   total 12416K, used 831K [0x05000000, 0x05d70000, 0x0a550000)
  eden space 11072K,   0% used [0x05000000, 0x05000000, 0x05ad0000)
  from space 1344K,  61% used [0x05c20000, 0x05cefdd0, 0x05d70000)
  to   space 1344K,   0% used [0x05ad0000, 0x05ad0000, 0x05c20000)
 tenured generation   total 27416K, used 17620K [0x0a550000, 0x0c016000, 0x15000000)
   the space 27416K,  64% used [0x0a550000, 0x0b6852b0, 0x0b685400, 0x0c016000)
 Metaspace       used 21772K, capacity 23325K, committed 23424K, reserved 23936K
}

Deoptimization events (0 events):
No events

Internal exceptions (10 events):
Event: 177.485 Thread 0x16280000 Exception <a 'java/security/PrivilegedActionException'> (0x0560e7f8) thrown at [D:\re\puppet\workspace\8-2-build-windows-i586-cygwin\jdk8u11\648\hotspot\src\share\vm\prims\jvm.cpp, line 1248]
Event: 177.485 Thread 0x16280000 Exception <a 'java/security/PrivilegedActionException'> (0x0560fd40) thrown at [D:\re\puppet\workspace\8-2-build-windows-i586-cygwin\jdk8u11\648\hotspot\src\share\vm\prims\jvm.cpp, line 1248]
Event: 177.486 Thread 0x16280000 Exception <a 'java/security/PrivilegedActionException'> (0x05610658) thrown at [D:\re\puppet\workspace\8-2-build-windows-i586-cygwin\jdk8u11\648\hotspot\src\share\vm\prims\jvm.cpp, line 1248]
Event: 177.486 Thread 0x16280000 Exception <a 'java/security/PrivilegedActionException'> (0x05614130) thrown at [D:\re\puppet\workspace\8-2-build-windows-i586-cygwin\jdk8u11\648\hotspot\src\share\vm\prims\jvm.cpp, line 1248]
Event: 177.494 Thread 0x16280000 Exception <a 'java/security/PrivilegedActionException'> (0x0568b0d0) thrown at [D:\re\puppet\workspace\8-2-build-windows-i586-cygwin\jdk8u11\648\hotspot\src\share\vm\prims\jvm.cpp, line 1248]
Event: 177.495 Thread 0x16280000 Exception <a 'java/security/PrivilegedActionException'> (0x0568e048) thrown at [D:\re\puppet\workspace\8-2-build-windows-i586-cygwin\jdk8u11\648\hotspot\src\share\vm\prims\jvm.cpp, line 1248]
Event: 177.495 Thread 0x16280000 Exception <a 'java/security/PrivilegedActionException'> (0x0568ea18) thrown at [D:\re\puppet\workspace\8-2-build-windows-i586-cygwin\jdk8u11\648\hotspot\src\share\vm\prims\jvm.cpp, line 1248]
Event: 177.495 Thread 0x16280000 Exception <a 'java/security/PrivilegedActionException'> (0x05691990) thrown at [D:\re\puppet\workspace\8-2-build-windows-i586-cygwin\jdk8u11\648\hotspot\src\share\vm\prims\jvm.cpp, line 1248]
Event: 177.508 Thread 0x16280000 Exception <a 'java/lang/ArrayIndexOutOfBoundsException'> (0x05712cb8) thrown at [D:\re\puppet\workspace\8-2-build-windows-i586-cygwin\jdk8u11\648\hotspot\src\share\vm\runtime\sharedRuntime.cpp, line 595]
Event: 177.508 Thread 0x16280000 Exception <a 'java/lang/ArrayIndexOutOfBoundsException'> (0x0572aff0) thrown at [D:\re\puppet\workspace\8-2-build-windows-i586-cygwin\jdk8u11\648\hotspot\src\share\vm\runtime\sharedRuntime.cpp, line 595]

Events (10 events):
Event: 177.520 Thread 0x16280000 DEOPT PACKING pc=0x031e51f0 sp=0x0133ee70
Event: 177.520 Thread 0x16280000 DEOPT UNPACKING pc=0x02f2c34c sp=0x0133ed14 mode 1
Event: 177.520 Thread 0x16280000 DEOPT PACKING pc=0x0320da0c sp=0x0133ee10
Event: 177.520 Thread 0x16280000 DEOPT UNPACKING pc=0x02f2c34c sp=0x0133ecd0 mode 1
Event: 177.520 Thread 0x16280000 DEOPT PACKING pc=0x031e51f0 sp=0x0133ee70
Event: 177.520 Thread 0x16280000 DEOPT UNPACKING pc=0x02f2c34c sp=0x0133ed14 mode 1
Event: 177.548 Thread 0x16284000 Thread added: 0x16284000
Event: 177.548 Thread 0x1627f400 Thread added: 0x1627f400
Event: 177.555 Thread 0x16280000 Thread exited: 0x16280000
Event: 177.555 Thread 0x16280c00 Thread exited: 0x16280c00


Dynamic libraries:
0x00c40000 - 0x00c70000 	C:\pcsist\programas\jdk-1.8.0.11-win-x86\jre\bin\javaw.exe
0x77c60000 - 0x77dfa000 	C:\WINDOWS\SYSTEM32\ntdll.dll
0x76740000 - 0x76820000 	C:\WINDOWS\System32\KERNEL32.DLL
0x75e30000 - 0x7602c000 	C:\WINDOWS\System32\KERNELBASE.dll
0x76e30000 - 0x76ea9000 	C:\WINDOWS\System32\ADVAPI32.dll
0x754b0000 - 0x7556f000 	C:\WINDOWS\System32\msvcrt.dll
0x77bd0000 - 0x77c46000 	C:\WINDOWS\System32\sechost.dll
0x75c90000 - 0x75d4b000 	C:\WINDOWS\System32\RPCRT4.dll
0x75430000 - 0x75450000 	C:\WINDOWS\System32\SspiCli.dll
0x75420000 - 0x7542a000 	C:\WINDOWS\System32\CRYPTBASE.dll
0x76460000 - 0x764bf000 	C:\WINDOWS\System32\bcryptPrimitives.dll
0x75570000 - 0x75707000 	C:\WINDOWS\System32\USER32.dll
0x77580000 - 0x77597000 	C:\WINDOWS\System32\win32u.dll
0x761b0000 - 0x761d1000 	C:\WINDOWS\System32\GDI32.dll
0x76cd0000 - 0x76e2a000 	C:\WINDOWS\System32\gdi32full.dll
0x75d50000 - 0x75dcc000 	C:\WINDOWS\System32\msvcp_win.dll
0x76620000 - 0x7673f000 	C:\WINDOWS\System32\ucrtbase.dll
0x74000000 - 0x7420f000 	C:\WINDOWS\WinSxS\x86_microsoft.windows.common-controls_6595b64144ccf1df_6.0.18362.535_none_2e70ea1e278c3127\COMCTL32.dll
0x77890000 - 0x77b06000 	C:\WINDOWS\System32\combase.dll
0x764c0000 - 0x764e5000 	C:\WINDOWS\System32\IMM32.DLL
0x73f40000 - 0x73fff000 	C:\pcsist\programas\jdk-1.8.0.11-win-x86\jre\bin\msvcr100.dll
0x73ba0000 - 0x73f37000 	C:\pcsist\programas\jdk-1.8.0.11-win-x86\jre\bin\client\jvm.dll
0x777f0000 - 0x777f6000 	C:\WINDOWS\System32\PSAPI.DLL
0x74d80000 - 0x74d88000 	C:\WINDOWS\SYSTEM32\WSOCK32.dll
0x77670000 - 0x776ce000 	C:\WINDOWS\System32\WS2_32.dll
0x74c40000 - 0x74c64000 	C:\WINDOWS\SYSTEM32\WINMM.dll
0x74c10000 - 0x74c33000 	C:\WINDOWS\SYSTEM32\winmmbase.dll
0x775a0000 - 0x775db000 	C:\WINDOWS\System32\cfgmgr32.dll
0x74a10000 - 0x74a1c000 	C:\pcsist\programas\jdk-1.8.0.11-win-x86\jre\bin\verify.dll
0x73b70000 - 0x73b91000 	C:\pcsist\programas\jdk-1.8.0.11-win-x86\jre\bin\java.dll
0x72f30000 - 0x72f59000 	C:\pcsist\programas\jdk-1.8.0.11-win-x86\jre\bin\jdwp.dll
0x73980000 - 0x73987000 	C:\pcsist\programas\jdk-1.8.0.11-win-x86\jre\bin\npt.dll
0x72e60000 - 0x72e80000 	C:\pcsist\programas\jdk-1.8.0.11-win-x86\jre\bin\instrument.dll
0x73b50000 - 0x73b63000 	C:\pcsist\programas\jdk-1.8.0.11-win-x86\jre\bin\zip.dll
0x75710000 - 0x75c8a000 	C:\WINDOWS\System32\SHELL32.dll
0x775e0000 - 0x77664000 	C:\WINDOWS\System32\shcore.dll
0x76ef0000 - 0x774b5000 	C:\WINDOWS\System32\windows.storage.dll
0x76600000 - 0x76617000 	C:\WINDOWS\System32\profapi.dll
0x76820000 - 0x76863000 	C:\WINDOWS\System32\powrprof.dll
0x777c0000 - 0x777cd000 	C:\WINDOWS\System32\UMPDC.dll
0x776d0000 - 0x77714000 	C:\WINDOWS\System32\shlwapi.dll
0x77bc0000 - 0x77bcf000 	C:\WINDOWS\System32\kernel.appcore.dll
0x76eb0000 - 0x76ec3000 	C:\WINDOWS\System32\cryptsp.dll
0x73970000 - 0x73978000 	C:\pcsist\programas\jdk-1.8.0.11-win-x86\jre\bin\dt_socket.dll
0x74bb0000 - 0x74bc1000 	C:\WINDOWS\system32\napinsp.dll
0x74b30000 - 0x74b46000 	C:\WINDOWS\system32\pnrpnsp.dll
0x74b50000 - 0x74ba2000 	C:\WINDOWS\System32\mswsock.dll
0x74a20000 - 0x74ab1000 	C:\WINDOWS\SYSTEM32\DNSAPI.dll
0x76450000 - 0x76457000 	C:\WINDOWS\System32\NSI.dll
0x74df0000 - 0x74e22000 	C:\WINDOWS\SYSTEM32\IPHLPAPI.DLL
0x74a00000 - 0x74a0b000 	C:\WINDOWS\System32\winrnr.dll
0x749e0000 - 0x749f6000 	C:\WINDOWS\system32\NLAapi.dll
0x749d0000 - 0x749e0000 	C:\WINDOWS\system32\wshbth.dll
0x74960000 - 0x749b1000 	C:\WINDOWS\System32\fwpuclnt.dll
0x76ed0000 - 0x76ee9000 	C:\WINDOWS\System32\bcrypt.dll
0x749c0000 - 0x749c8000 	C:\Windows\System32\rasadhlp.dll
0x73af0000 - 0x73afa000 	C:\pcsist\programas\jdk-1.8.0.11-win-x86\jre\bin\management.dll
0x73b30000 - 0x73b44000 	C:\pcsist\programas\jdk-1.8.0.11-win-x86\jre\bin\net.dll
0x73ae0000 - 0x73aef000 	C:\pcsist\programas\jdk-1.8.0.11-win-x86\jre\bin\nio.dll
0x74500000 - 0x7452f000 	C:\WINDOWS\system32\rsaenh.dll
0x74db0000 - 0x74dce000 	C:\WINDOWS\SYSTEM32\USERENV.dll
0x74370000 - 0x74383000 	C:\WINDOWS\SYSTEM32\dhcpcsvc6.DLL
0x74bd0000 - 0x74be5000 	C:\WINDOWS\SYSTEM32\dhcpcsvc.DLL
0x6ea90000 - 0x6ec1f000 	C:\WINDOWS\SYSTEM32\dbghelp.dll

VM Arguments:
jvm_args: -agentlib:jdwp=transport=dt_socket,suspend=y,address=localhost:56331 -javaagent:C:\eclipse\configuration\org.eclipse.osgi\1085\0\.cp\lib\javaagent-shaded.jar -Dfile.encoding=UTF-8 
java_command: br.com.dnsouza.exemplelottery.ExempleLotteryApplication
java_class_path (initial): C:\projetos\exemple-lottery\target\classes;C:\Users\do.souza\.m2\repository\org\springframework\boot\spring-boot-starter-web\2.6.3\spring-boot-starter-web-2.6.3.jar;C:\Users\do.souza\.m2\repository\org\springframework\boot\spring-boot-starter\2.6.3\spring-boot-starter-2.6.3.jar;C:\Users\do.souza\.m2\repository\org\springframework\boot\spring-boot-starter-logging\2.6.3\spring-boot-starter-logging-2.6.3.jar;C:\Users\do.souza\.m2\repository\ch\qos\logback\logback-classic\1.2.10\logback-classic-1.2.10.jar;C:\Users\do.souza\.m2\repository\ch\qos\logback\logback-core\1.2.10\logback-core-1.2.10.jar;C:\Users\do.souza\.m2\repository\org\apache\logging\log4j\log4j-to-slf4j\2.17.1\log4j-to-slf4j-2.17.1.jar;C:\Users\do.souza\.m2\repository\org\apache\logging\log4j\log4j-api\2.17.1\log4j-api-2.17.1.jar;C:\Users\do.souza\.m2\repository\org\slf4j\jul-to-slf4j\1.7.33\jul-to-slf4j-1.7.33.jar;C:\Users\do.souza\.m2\repository\jakarta\annotation\jakarta.annotation-api\1.3.5\jakarta.annotation-api-1.3.5.jar;C:\Users\do.souza\.m2\repository\org\yaml\snakeyaml\1.29\snakeyaml-1.29.jar;C:\Users\do.souza\.m2\repository\org\springframework\boot\spring-boot-starter-json\2.6.3\spring-boot-starter-json-2.6.3.jar;C:\Users\do.souza\.m2\repository\com\fasterxml\jackson\core\jackson-databind\2.13.1\jackson-databind-2.13.1.jar;C:\Users\do.souza\.m2\repository\com\fasterxml\jackson\core\jackson-annotations\2.13.1\jackson-annotations-2.13.1.jar;C:\Users\do.souza\.m2\repository\com\fasterxml\jackson\core\jackson-core\2.13.1\jackson-core-2.13.1.jar;C:\Users\do.souza\.m2\repository\com\fasterxml\jackson\datatype\jackson-datatype-jdk8\2.13.1\jackson-datatype-jdk8-2.13.1.jar;C:\Users\do.souza\.m2\repository\com\fasterxml\jackson\datatype\jackson-datatype-jsr310\2.13.1\jackson-datatype-jsr310-2.13.1.jar;C:\Users\do.souza\.m2\repository\com\fasterxml\jackson\module\jackson-module-parameter-names\2.13.1\jackson-module-parameter-names-2.13.1.jar;C:\Users\do.souza\.m2\repository\org\
Launcher Type: SUN_STANDARD

Environment Variables:
JAVA_HOME=C:\pcsist\programas\jdk-1.8.0.11-win-x86
PATH=C:\pcsist\programas\jdk-1.8.0.11-win-x86\jre\bin;C:/eclipse//plugins/org.eclipse.justj.openjdk.hotspot.jre.full.win32.x86_64_15.0.2.v20210201-0955/jre/bin/server;C:/eclipse//plugins/org.eclipse.justj.openjdk.hotspot.jre.full.win32.x86_64_15.0.2.v20210201-0955/jre/bin;C:\ProgramData\Oracle\Java\javapath;C:\Program Files (x86)\Embarcadero\Studio\17.0\bin;C:\Users\Public\Documents\Embarcadero\Studio\17.0\Bpl;C:\Program Files (x86)\Embarcadero\Studio\17.0\bin64;C:\Users\Public\Documents\Embarcadero\Studio\17.0\Bpl\Win64;C:\Program Files (x86)\Embarcadero\RAD Studio\7.0\bin;C:\Users\Public\Documents\RAD Studio\7.0\Bpl;C:\oracle\product\10.2.0\db_1\bin;C:\Windows\system32;C:\Windows;C:\Windows\System32\Wbem;C:\Windows\System32\WindowsPowerShell\v1.0\;C:\Windows\System32\OpenSSH\;C:\Program Files (x86)\Sennheiser\SoftphoneSDK\;C:\Program Files (x86)\DevExpress VCL\Library\RS14;C:\Program Files (x86)\DevExpress VCL\Library\RS23;C:\Program Files (x86)\DevExpress VCL\Library\RS23\Win64;C:\Users\manutencao\Documents\tmssoftware\TMS Smooth Controls\bpl\;C:\Program Files (x86)\Totvs\PMan;C:\WINDOWS\system32;C:\WINDOWS;C:\WINDOWS\System32\Wbem;C:\WINDOWS\System32\WindowsPowerShell\v1.0\;C:\WINDOWS\System32\OpenSSH\;C:\pcsist\programas\jdk-1.8.0.11-win-x86\bin;C:\Program Files\Git\cmd;C:\pcsist\programas\apache-maven-3.0.5\bin;C:\Program Files (x86)\Intel\Intel(R) Management Engine Components\DAL;C:\Program Files\Intel\Intel(R) Management Engine Components\DAL;C:\Program Files\TortoiseGit\bin;C:\Program Files (x86)\Bitvise SSH Client;C:\Program Files\nodejs\;C:\Users\do.souza\AppData\Local\Microsoft\WindowsApps;C:\Users\do.souza\AppData\Local\Programs\Microsoft VS Code\bin;C:\Program Files (x86)\Meld;C:\Program Files\nodejs;;C:\eclipse;
USERNAME=do.souza
OS=Windows_NT
PROCESSOR_IDENTIFIER=Intel64 Family 6 Model 142 Stepping 10, GenuineIntel



---------------  S Y S T E M  ---------------

OS: Windows 8.1 , 64 bit Build 9600 

CPU:total 8 (4 cores per cpu, 2 threads per core) family 6 model 142 stepping 10, cmov, cx8, fxsr, mmx, sse, sse2, sse3, ssse3, sse4.1, sse4.2, popcnt, avx, avx2, aes, clmul, erms, ht, tsc, tscinvbit

Memory: 4k page, physical 16649364k(4247028k free), swap 24331612k(3608460k free)

vm_info: Java HotSpot(TM) Client VM (25.11-b03) for windows-x86 JRE (1.8.0_11-b12), built on Jun 16 2014 18:18:58 by "java_re" with MS VC++ 10.0 (VS2010)

time: Sun Feb 20 13:07:47 2022
elapsed time: 186 seconds

