#
# A fatal error has been detected by the Java Runtime Environment:
#
#  EXCEPTION_ACCESS_VIOLATION (0xc0000005) at pc=0x73ca6543, pid=14812, tid=9644
#
# JRE version: Java(TM) SE Runtime Environment (8.0_11-b12) (build 1.8.0_11-b12)
# Java VM: Java HotSpot(TM) Client VM (25.11-b03 mixed mode windows-x86 )
# Problematic frame:
# V  [jvm.dll+0x106543]
#
# Failed to write core dump. Minidumps are not enabled by default on client versions of Windows
#
# If you would like to submit a bug report, please visit:
#   http://bugreport.sun.com/bugreport/crash.jsp
#

---------------  T H R E A D  ---------------

Current thread (0x14ae8400):  JavaThread "JDWP Transport Listener: dt_socket" daemon [_thread_in_vm, id=9644, stack(0x15230000,0x15280000)]

siginfo: ExceptionCode=0xc0000005, writing address 0x1792f1f8

Registers:
EAX=0x17576408, EBX=0x00000004, ECX=0x1792eda0, EDX=0x00000116
ESP=0x1527fa44, EBP=0x1527fa70, ESI=0x00000004, EDI=0x18c81278
EIP=0x73ca6543, EFLAGS=0x00010202

Top of Stack: (sp=0x1527fa44)
0x1527fa44:   025781e0 0a4738c0 14ae8400 14ae8400
0x1527fa54:   14ae6288 14aec628 14aec630 14aec71c
0x1527fa64:   000000ec 1527fcd0 00000116 1527faa4
0x1527fa74:   73dae06e 1792eda0 1527facc 1527fac8
0x1527fa84:   1527fb2c 00000000 0246d834 14ae8400
0x1527fa94:   00000000 00000000 00000000 14ae8400
0x1527faa4:   1527fad0 72f3449d 025781e0 0246d834
0x1527fab4:   1527facc 1527fac8 1527faec 1527fb28 

Instructions: (pc=0x73ca6543)
0x73ca6523:   00 00 00 8b 8f e4 00 00 00 8b 44 b2 04 8b 4c b1
0x73ca6533:   04 89 45 fc e8 e4 90 f5 ff 8b 4d 08 8b 55 fc 46
0x73ca6543:   89 04 91 3b f3 7c d6 eb 1e 85 db 7e 1a 8b 87 e4
0x73ca6553:   00 00 00 8b 4c b0 04 e8 c1 90 f5 ff 8b 4d 08 89 


Register to memory mapping:

EAX=0x17576408 is an unknown value
EBX=0x00000004 is an unknown value
ECX=0x1792eda0 is an unknown value
EDX=0x00000116 is an unknown value
ESP=0x1527fa44 is pointing into the stack for thread: 0x14ae8400
EBP=0x1527fa70 is pointing into the stack for thread: 0x14ae8400
ESI=0x00000004 is an unknown value
EDI=0x18c81278 is an unknown value


Stack: [0x15230000,0x15280000],  sp=0x1527fa44,  free space=318k
Native frames: (J=compiled Java code, j=interpreted, Vv=VM code, C=native code)
V  [jvm.dll+0x106543]
V  [jvm.dll+0x20e06e]
C  [jdwp.dll+0x449d]
C  [jdwp.dll+0x451e]


---------------  P R O C E S S  ---------------

Java Threads: ( => current thread )
  0x1577c800 JavaThread "http-nio-8080-exec-2" daemon [_thread_blocked, id=6652, stack(0x18760000,0x187b0000)]
  0x1577a800 JavaThread "http-nio-8080-exec-1" daemon [_thread_blocked, id=12516, stack(0x005d0000,0x00620000)]
  0x1577c000 JavaThread "http-nio-8080-Acceptor" daemon [_thread_in_native, id=14496, stack(0x18640000,0x18690000)]
  0x1577bc00 JavaThread "http-nio-8080-Poller" daemon [_thread_in_native, id=27732, stack(0x18590000,0x185e0000)]
  0x1577a000 JavaThread "File Watcher" daemon [_thread_blocked, id=28024, stack(0x17330000,0x17380000)]
  0x15779c00 JavaThread "container-0" [_thread_blocked, id=1116, stack(0x172a0000,0x172f0000)]
  0x1577b000 JavaThread "Catalina-utility-2" [_thread_blocked, id=20808, stack(0x16910000,0x16960000)]
  0x15779400 JavaThread "Catalina-utility-1" [_thread_blocked, id=29604, stack(0x00880000,0x008d0000)]
  0x0257ec00 JavaThread "DestroyJavaVM" [_thread_blocked, id=31992, stack(0x00b40000,0x00b90000)]
  0x174ce400 JavaThread "Live Reload Server" daemon [_thread_in_native, id=21792, stack(0x186d0000,0x18720000)]
  0x14cac000 JavaThread "Service Thread" daemon [_thread_blocked, id=20232, stack(0x15470000,0x154c0000)]
  0x14c69400 JavaThread "C1 CompilerThread0" daemon [_thread_blocked, id=11800, stack(0x153e0000,0x15430000)]
  0x14af5000 JavaThread "JDWP Command Reader" daemon [_thread_in_native, id=33400, stack(0x15350000,0x153a0000)]
  0x14af0000 JavaThread "JDWP Event Helper Thread" daemon [_thread_blocked, id=19476, stack(0x152c0000,0x15310000)]
=>0x14ae8400 JavaThread "JDWP Transport Listener: dt_socket" daemon [_thread_in_vm, id=9644, stack(0x15230000,0x15280000)]
  0x14aecc00 JavaThread "Attach Listener" daemon [_thread_blocked, id=21084, stack(0x14e60000,0x14eb0000)]
  0x14aea800 JavaThread "Signal Dispatcher" daemon [_thread_blocked, id=16208, stack(0x14dd0000,0x14e20000)]
  0x14ab8800 JavaThread "Finalizer" daemon [_thread_blocked, id=27440, stack(0x14d40000,0x14d90000)]
  0x14ab2c00 JavaThread "Reference Handler" daemon [_thread_blocked, id=22680, stack(0x14cb0000,0x14d00000)]

Other Threads:
  0x0247dc00 VMThread [stack: 0x14a60000,0x14ab0000] [id=7928]
  0x14cad000 WatcherThread [stack: 0x15500000,0x15550000] [id=6540]

VM state:not at safepoint (normal execution)

VM Mutex/Monitor currently owned by a thread: None

Heap:
 def new generation   total 16512K, used 5350K [0x04600000, 0x057e0000, 0x09b50000)
  eden space 14720K,  29% used [0x04600000, 0x04a34e28, 0x05460000)
  from space 1792K,  58% used [0x05620000, 0x05724d08, 0x057e0000)
  to   space 1792K,   0% used [0x05460000, 0x05460000, 0x05620000)
 tenured generation   total 36504K, used 23452K [0x09b50000, 0x0bef6000, 0x14600000)
   the space 36504K,  64% used [0x09b50000, 0x0b2373d0, 0x0b237400, 0x0bef6000)
 Metaspace       used 24640K, capacity 26514K, committed 26624K, reserved 27008K

Card table byte_map: [0x02480000,0x02510000] byte_map_base: 0x0245d000

Polling page: 0x006d0000

CodeCache: size=32768Kb used=5667Kb max_used=5667Kb free=27100Kb
 bounds [0x02580000, 0x02b10000, 0x04580000]
 total_blobs=3267 nmethods=3070 adapters=135
 compilation: enabled

Compilation events (10 events):
Event: 698.489 Thread 0x14c69400 3079             org.springframework.asm.MethodWriter::visitTypeInsn (116 bytes)
Event: 698.490 Thread 0x14c69400 nmethod 3079 0x02b06648 code [0x02b06770, 0x02b06904]
Event: 698.493 Thread 0x14c69400 3080             org.springframework.asm.MethodWriter::visitSwitchInsn (174 bytes)
Event: 698.494 Thread 0x14c69400 nmethod 3080 0x02b06ac8 code [0x02b06c00, 0x02b07018]
Event: 698.964 Thread 0x14c69400 3081             sun.security.x509.X509CertInfo::get (289 bytes)
Event: 698.965 Thread 0x14c69400 nmethod 3081 0x02b07488 code [0x02b07710, 0x02b080a4]
Event: 698.965 Thread 0x14c69400 3082             sun.security.x509.X509CertInfo::attributeMap (24 bytes)
Event: 698.966 Thread 0x14c69400 nmethod 3082 0x02b08bc8 code [0x02b08ce0, 0x02b08e28]
Event: 699.355 Thread 0x14c69400 3083             com.fasterxml.jackson.databind.JavaType::getRawClass (5 bytes)
Event: 699.355 Thread 0x14c69400 nmethod 3083 0x02b08fc8 code [0x02b090c0, 0x02b09140]

GC Heap History (10 events):
Event: 639.327 GC heap before
{Heap before GC invocations=136 (full 12):
 def new generation   total 14976K, used 14552K [0x04600000, 0x05630000, 0x09b50000)
  eden space 13376K, 100% used [0x04600000, 0x05310000, 0x05310000)
  from space 1600K,  73% used [0x054a0000, 0x055c6248, 0x05630000)
  to   space 1600K,   0% used [0x05310000, 0x05310000, 0x054a0000)
 tenured generation   total 33080K, used 20419K [0x09b50000, 0x0bb9e000, 0x14600000)
   the space 33080K,  61% used [0x09b50000, 0x0af40cf8, 0x0af40e00, 0x0bb9e000)
 Metaspace       used 24397K, capacity 26018K, committed 26112K, reserved 27008K
Event: 639.336 GC heap after
Heap after GC invocations=137 (full 12):
 def new generation   total 14976K, used 897K [0x04600000, 0x05630000, 0x09b50000)
  eden space 13376K,   0% used [0x04600000, 0x04600000, 0x05310000)
  from space 1600K,  56% used [0x05310000, 0x053f05f8, 0x054a0000)
  to   space 1600K,   0% used [0x054a0000, 0x054a0000, 0x05630000)
 tenured generation   total 33080K, used 21241K [0x09b50000, 0x0bb9e000, 0x14600000)
   the space 33080K,  64% used [0x09b50000, 0x0b00e790, 0x0b00e800, 0x0bb9e000)
 Metaspace       used 24397K, capacity 26018K, committed 26112K, reserved 27008K
}
Event: 689.807 GC heap before
{Heap before GC invocations=137 (full 12):
 def new generation   total 14976K, used 11417K [0x04600000, 0x05630000, 0x09b50000)
  eden space 13376K,  78% used [0x04600000, 0x05046008, 0x05310000)
  from space 1600K,  56% used [0x05310000, 0x053f05f8, 0x054a0000)
  to   space 1600K,   0% used [0x054a0000, 0x054a0000, 0x05630000)
 tenured generation   total 33080K, used 21241K [0x09b50000, 0x0bb9e000, 0x14600000)
   the space 33080K,  64% used [0x09b50000, 0x0b00e790, 0x0b00e800, 0x0bb9e000)
 Metaspace       used 24486K, capacity 26318K, committed 26368K, reserved 27008K
Event: 689.928 GC heap after
Heap after GC invocations=138 (full 13):
 def new generation   total 16512K, used 0K [0x04600000, 0x057e0000, 0x09b50000)
  eden space 14720K,   0% used [0x04600000, 0x04600000, 0x05460000)
  from space 1792K,   0% used [0x05460000, 0x05460000, 0x05620000)
  to   space 1792K,   0% used [0x05620000, 0x05620000, 0x057e0000)
 tenured generation   total 36504K, used 21901K [0x09b50000, 0x0bef6000, 0x14600000)
   the space 36504K,  59% used [0x09b50000, 0x0b0b36a0, 0x0b0b3800, 0x0bef6000)
 Metaspace       used 24486K, capacity 26318K, committed 26368K, reserved 27008K
}
Event: 690.397 GC heap before
{Heap before GC invocations=138 (full 13):
 def new generation   total 16512K, used 14720K [0x04600000, 0x057e0000, 0x09b50000)
  eden space 14720K, 100% used [0x04600000, 0x05460000, 0x05460000)
  from space 1792K,   0% used [0x05460000, 0x05460000, 0x05620000)
  to   space 1792K,   0% used [0x05620000, 0x05620000, 0x057e0000)
 tenured generation   total 36504K, used 21901K [0x09b50000, 0x0bef6000, 0x14600000)
   the space 36504K,  59% used [0x09b50000, 0x0b0b36a0, 0x0b0b3800, 0x0bef6000)
 Metaspace       used 24507K, capacity 26370K, committed 26496K, reserved 27008K
Event: 690.403 GC heap after
Heap after GC invocations=139 (full 13):
 def new generation   total 16512K, used 1702K [0x04600000, 0x057e0000, 0x09b50000)
  eden space 14720K,   0% used [0x04600000, 0x04600000, 0x05460000)
  from space 1792K,  94% used [0x05620000, 0x057c98f8, 0x057e0000)
  to   space 1792K,   0% used [0x05460000, 0x05460000, 0x05620000)
 tenured generation   total 36504K, used 21901K [0x09b50000, 0x0bef6000, 0x14600000)
   the space 36504K,  59% used [0x09b50000, 0x0b0b36a0, 0x0b0b3800, 0x0bef6000)
 Metaspace       used 24507K, capacity 26370K, committed 26496K, reserved 27008K
}
Event: 690.706 GC heap before
{Heap before GC invocations=139 (full 13):
 def new generation   total 16512K, used 16422K [0x04600000, 0x057e0000, 0x09b50000)
  eden space 14720K, 100% used [0x04600000, 0x05460000, 0x05460000)
  from space 1792K,  94% used [0x05620000, 0x057c98f8, 0x057e0000)
  to   space 1792K,   0% used [0x05460000, 0x05460000, 0x05620000)
 tenured generation   total 36504K, used 21901K [0x09b50000, 0x0bef6000, 0x14600000)
   the space 36504K,  59% used [0x09b50000, 0x0b0b36a0, 0x0b0b3800, 0x0bef6000)
 Metaspace       used 24525K, capacity 26378K, committed 26496K, reserved 27008K
Event: 690.715 GC heap after
Heap after GC invocations=140 (full 13):
 def new generation   total 16512K, used 1234K [0x04600000, 0x057e0000, 0x09b50000)
  eden space 14720K,   0% used [0x04600000, 0x04600000, 0x05460000)
  from space 1792K,  68% used [0x05460000, 0x05594bd8, 0x05620000)
  to   space 1792K,   0% used [0x05620000, 0x05620000, 0x057e0000)
 tenured generation   total 36504K, used 22642K [0x09b50000, 0x0bef6000, 0x14600000)
   the space 36504K,  62% used [0x09b50000, 0x0b16c928, 0x0b16ca00, 0x0bef6000)
 Metaspace       used 24525K, capacity 26378K, committed 26496K, reserved 27008K
}
Event: 698.512 GC heap before
{Heap before GC invocations=140 (full 13):
 def new generation   total 16512K, used 15954K [0x04600000, 0x057e0000, 0x09b50000)
  eden space 14720K, 100% used [0x04600000, 0x05460000, 0x05460000)
  from space 1792K,  68% used [0x05460000, 0x05594bd8, 0x05620000)
  to   space 1792K,   0% used [0x05620000, 0x05620000, 0x057e0000)
 tenured generation   total 36504K, used 22642K [0x09b50000, 0x0bef6000, 0x14600000)
   the space 36504K,  62% used [0x09b50000, 0x0b16c928, 0x0b16ca00, 0x0bef6000)
 Metaspace       used 24633K, capacity 26511K, committed 26624K, reserved 27008K
Event: 698.523 GC heap after
Heap after GC invocations=141 (full 13):
 def new generation   total 16512K, used 1043K [0x04600000, 0x057e0000, 0x09b50000)
  eden space 14720K,   0% used [0x04600000, 0x04600000, 0x05460000)
  from space 1792K,  58% used [0x05620000, 0x05724d08, 0x057e0000)
  to   space 1792K,   0% used [0x05460000, 0x05460000, 0x05620000)
 tenured generation   total 36504K, used 23452K [0x09b50000, 0x0bef6000, 0x14600000)
   the space 36504K,  64% used [0x09b50000, 0x0b2373d0, 0x0b237400, 0x0bef6000)
 Metaspace       used 24633K, capacity 26511K, committed 26624K, reserved 27008K
}

Deoptimization events (0 events):
No events

Internal exceptions (10 events):
Event: 698.600 Thread 0x1577c800 Exception <a 'java/lang/ArrayIndexOutOfBoundsException'> (0x046c79e0) thrown at [D:\re\puppet\workspace\8-2-build-windows-i586-cygwin\jdk8u11\648\hotspot\src\share\vm\runtime\sharedRuntime.cpp, line 595]
Event: 698.600 Thread 0x1577c800 Exception <a 'java/lang/ArrayIndexOutOfBoundsException'> (0x046c8d30) thrown at [D:\re\puppet\workspace\8-2-build-windows-i586-cygwin\jdk8u11\648\hotspot\src\share\vm\runtime\sharedRuntime.cpp, line 595]
Event: 698.600 Thread 0x1577c800 Exception <a 'java/lang/ArrayIndexOutOfBoundsException'> (0x046caae0) thrown at [D:\re\puppet\workspace\8-2-build-windows-i586-cygwin\jdk8u11\648\hotspot\src\share\vm\runtime\sharedRuntime.cpp, line 595]
Event: 699.343 Thread 0x1577c800 Exception <a 'java/lang/ClassCastException': java.util.LinkedHashMap cannot be cast to br.com.dnsouza.exemplelottery.providers.lottery.dto.us.PowerBallWinningNumbersDTO> (0x04796930) thrown at [D:\re\puppet\workspace\8-2-build-windows-i586-cygwin\jdk8u11\6¹»[¾Ú…@
Event: 699.343 Thread 0x1577c800 Exception <a 'java/lang/reflect/InvocationTargetException'> (0x04796e00) thrown at [D:\re\puppet\workspace\8-2-build-windows-i586-cygwin\jdk8u11\648\hotspot\src\share\vm\runtime\reflection.cpp, line 1079]
Event: 699.343 Thread 0x1577c800 Exception <a 'java/lang/reflect/InvocationTargetException'> (0x04797140) thrown at [D:\re\puppet\workspace\8-2-build-windows-i586-cygwin\jdk8u11\648\hotspot\src\share\vm\runtime\reflection.cpp, line 1079]
Event: 699.347 Thread 0x1577c800 Exception <a 'java/security/PrivilegedActionException'> (0x047b42e0) thrown at [D:\re\puppet\workspace\8-2-build-windows-i586-cygwin\jdk8u11\648\hotspot\src\share\vm\prims\jvm.cpp, line 1248]
Event: 699.347 Thread 0x1577c800 Exception <a 'java/security/PrivilegedActionException'> (0x047b5700) thrown at [D:\re\puppet\workspace\8-2-build-windows-i586-cygwin\jdk8u11\648\hotspot\src\share\vm\prims\jvm.cpp, line 1248]
Event: 699.347 Thread 0x1577c800 Exception <a 'java/security/PrivilegedActionException'> (0x047b6a00) thrown at [D:\re\puppet\workspace\8-2-build-windows-i586-cygwin\jdk8u11\648\hotspot\src\share\vm\prims\jvm.cpp, line 1248]
Event: 699.353 Thread 0x1577c800 Exception <a 'java/lang/ArrayIndexOutOfBoundsException'> (0x047d1360) thrown at [D:\re\puppet\workspace\8-2-build-windows-i586-cygwin\jdk8u11\648\hotspot\src\share\vm\runtime\sharedRuntime.cpp, line 595]

Events (10 events):
Event: 729.842 Executing VM operation: ChangeBreakpoints
Event: 729.843 Executing VM operation: ChangeBreakpoints done
Event: 729.845 Executing VM operation: ChangeBreakpoints
Event: 729.846 Executing VM operation: ChangeBreakpoints done
Event: 729.847 Executing VM operation: ChangeBreakpoints
Event: 729.848 Executing VM operation: ChangeBreakpoints done
Event: 729.850 Executing VM operation: ChangeBreakpoints
Event: 729.851 Executing VM operation: ChangeBreakpoints done
Event: 729.853 Executing VM operation: ChangeBreakpoints
Event: 729.854 Executing VM operation: ChangeBreakpoints done


Dynamic libraries:
0x00c40000 - 0x00c70000 	C:\pcsist\programas\jdk-1.8.0.11-win-x86\jre\bin\javaw.exe
0x77c60000 - 0x77dfa000 	C:\WINDOWS\SYSTEM32\ntdll.dll
0x76740000 - 0x76820000 	C:\WINDOWS\System32\KERNEL32.DLL
0x75e30000 - 0x7602c000 	C:\WINDOWS\System32\KERNELBASE.dll
0x76e30000 - 0x76ea9000 	C:\WINDOWS\System32\ADVAPI32.dll
0x754b0000 - 0x7556f000 	C:\WINDOWS\System32\msvcrt.dll
0x77bd0000 - 0x77c46000 	C:\WINDOWS\System32\sechost.dll
0x75c90000 - 0x75d4b000 	C:\WINDOWS\System32\RPCRT4.dll
0x75430000 - 0x75450000 	C:\WINDOWS\System32\SspiCli.dll
0x75420000 - 0x7542a000 	C:\WINDOWS\System32\CRYPTBASE.dll
0x76460000 - 0x764bf000 	C:\WINDOWS\System32\bcryptPrimitives.dll
0x75570000 - 0x75707000 	C:\WINDOWS\System32\USER32.dll
0x77580000 - 0x77597000 	C:\WINDOWS\System32\win32u.dll
0x761b0000 - 0x761d1000 	C:\WINDOWS\System32\GDI32.dll
0x76cd0000 - 0x76e2a000 	C:\WINDOWS\System32\gdi32full.dll
0x75d50000 - 0x75dcc000 	C:\WINDOWS\System32\msvcp_win.dll
0x76620000 - 0x7673f000 	C:\WINDOWS\System32\ucrtbase.dll
0x74000000 - 0x7420f000 	C:\WINDOWS\WinSxS\x86_microsoft.windows.common-controls_6595b64144ccf1df_6.0.18362.535_none_2e70ea1e278c3127\COMCTL32.dll
0x77890000 - 0x77b06000 	C:\WINDOWS\System32\combase.dll
0x764c0000 - 0x764e5000 	C:\WINDOWS\System32\IMM32.DLL
0x73f40000 - 0x73fff000 	C:\pcsist\programas\jdk-1.8.0.11-win-x86\jre\bin\msvcr100.dll
0x73ba0000 - 0x73f37000 	C:\pcsist\programas\jdk-1.8.0.11-win-x86\jre\bin\client\jvm.dll
0x777f0000 - 0x777f6000 	C:\WINDOWS\System32\PSAPI.DLL
0x74d80000 - 0x74d88000 	C:\WINDOWS\SYSTEM32\WSOCK32.dll
0x77670000 - 0x776ce000 	C:\WINDOWS\System32\WS2_32.dll
0x74c40000 - 0x74c64000 	C:\WINDOWS\SYSTEM32\WINMM.dll
0x74c10000 - 0x74c33000 	C:\WINDOWS\SYSTEM32\winmmbase.dll
0x775a0000 - 0x775db000 	C:\WINDOWS\System32\cfgmgr32.dll
0x74a10000 - 0x74a1c000 	C:\pcsist\programas\jdk-1.8.0.11-win-x86\jre\bin\verify.dll
0x73b70000 - 0x73b91000 	C:\pcsist\programas\jdk-1.8.0.11-win-x86\jre\bin\java.dll
0x72f30000 - 0x72f59000 	C:\pcsist\programas\jdk-1.8.0.11-win-x86\jre\bin\jdwp.dll
0x73980000 - 0x73987000 	C:\pcsist\programas\jdk-1.8.0.11-win-x86\jre\bin\npt.dll
0x72e60000 - 0x72e80000 	C:\pcsist\programas\jdk-1.8.0.11-win-x86\jre\bin\instrument.dll
0x73b50000 - 0x73b63000 	C:\pcsist\programas\jdk-1.8.0.11-win-x86\jre\bin\zip.dll
0x75710000 - 0x75c8a000 	C:\WINDOWS\System32\SHELL32.dll
0x775e0000 - 0x77664000 	C:\WINDOWS\System32\shcore.dll
0x76ef0000 - 0x774b5000 	C:\WINDOWS\System32\windows.storage.dll
0x76600000 - 0x76617000 	C:\WINDOWS\System32\profapi.dll
0x76820000 - 0x76863000 	C:\WINDOWS\System32\powrprof.dll
0x777c0000 - 0x777cd000 	C:\WINDOWS\System32\UMPDC.dll
0x776d0000 - 0x77714000 	C:\WINDOWS\System32\shlwapi.dll
0x77bc0000 - 0x77bcf000 	C:\WINDOWS\System32\kernel.appcore.dll
0x76eb0000 - 0x76ec3000 	C:\WINDOWS\System32\cryptsp.dll
0x73970000 - 0x73978000 	C:\pcsist\programas\jdk-1.8.0.11-win-x86\jre\bin\dt_socket.dll
0x74bb0000 - 0x74bc1000 	C:\WINDOWS\system32\napinsp.dll
0x74b30000 - 0x74b46000 	C:\WINDOWS\system32\pnrpnsp.dll
0x74b50000 - 0x74ba2000 	C:\WINDOWS\System32\mswsock.dll
0x74a20000 - 0x74ab1000 	C:\WINDOWS\SYSTEM32\DNSAPI.dll
0x76450000 - 0x76457000 	C:\WINDOWS\System32\NSI.dll
0x74df0000 - 0x74e22000 	C:\WINDOWS\SYSTEM32\IPHLPAPI.DLL
0x74a00000 - 0x74a0b000 	C:\WINDOWS\System32\winrnr.dll
0x749e0000 - 0x749f6000 	C:\WINDOWS\system32\NLAapi.dll
0x749d0000 - 0x749e0000 	C:\WINDOWS\system32\wshbth.dll
0x74960000 - 0x749b1000 	C:\WINDOWS\System32\fwpuclnt.dll
0x76ed0000 - 0x76ee9000 	C:\WINDOWS\System32\bcrypt.dll
0x749c0000 - 0x749c8000 	C:\Windows\System32\rasadhlp.dll
0x73af0000 - 0x73afa000 	C:\pcsist\programas\jdk-1.8.0.11-win-x86\jre\bin\management.dll
0x73b30000 - 0x73b44000 	C:\pcsist\programas\jdk-1.8.0.11-win-x86\jre\bin\net.dll
0x73ae0000 - 0x73aef000 	C:\pcsist\programas\jdk-1.8.0.11-win-x86\jre\bin\nio.dll
0x74500000 - 0x7452f000 	C:\WINDOWS\system32\rsaenh.dll
0x74db0000 - 0x74dce000 	C:\WINDOWS\SYSTEM32\USERENV.dll
0x74370000 - 0x74383000 	C:\WINDOWS\SYSTEM32\dhcpcsvc6.DLL
0x74bd0000 - 0x74be5000 	C:\WINDOWS\SYSTEM32\dhcpcsvc.DLL
0x73b10000 - 0x73b30000 	C:\pcsist\programas\jdk-1.8.0.11-win-x86\jre\bin\sunec.dll
0x6ea90000 - 0x6ec1f000 	C:\WINDOWS\SYSTEM32\dbghelp.dll

VM Arguments:
jvm_args: -agentlib:jdwp=transport=dt_socket,suspend=y,address=localhost:61815 -javaagent:C:\eclipse\configuration\org.eclipse.osgi\1085\0\.cp\lib\javaagent-shaded.jar -Dfile.encoding=UTF-8 
java_command: br.com.dnsouza.exemplelottery.ExempleLotteryApplication
java_class_path (initial): C:\projetos\exemple-lottery\target\classes;C:\Users\do.souza\.m2\repository\org\springframework\boot\spring-boot-starter-web\2.6.3\spring-boot-starter-web-2.6.3.jar;C:\Users\do.souza\.m2\repository\org\springframework\boot\spring-boot-starter\2.6.3\spring-boot-starter-2.6.3.jar;C:\Users\do.souza\.m2\repository\org\springframework\boot\spring-boot-starter-logging\2.6.3\spring-boot-starter-logging-2.6.3.jar;C:\Users\do.souza\.m2\repository\ch\qos\logback\logback-classic\1.2.10\logback-classic-1.2.10.jar;C:\Users\do.souza\.m2\repository\ch\qos\logback\logback-core\1.2.10\logback-core-1.2.10.jar;C:\Users\do.souza\.m2\repository\org\apache\logging\log4j\log4j-to-slf4j\2.17.1\log4j-to-slf4j-2.17.1.jar;C:\Users\do.souza\.m2\repository\org\apache\logging\log4j\log4j-api\2.17.1\log4j-api-2.17.1.jar;C:\Users\do.souza\.m2\repository\org\slf4j\jul-to-slf4j\1.7.33\jul-to-slf4j-1.7.33.jar;C:\Users\do.souza\.m2\repository\jakarta\annotation\jakarta.annotation-api\1.3.5\jakarta.annotation-api-1.3.5.jar;C:\Users\do.souza\.m2\repository\org\yaml\snakeyaml\1.29\snakeyaml-1.29.jar;C:\Users\do.souza\.m2\repository\org\springframework\boot\spring-boot-starter-json\2.6.3\spring-boot-starter-json-2.6.3.jar;C:\Users\do.souza\.m2\repository\com\fasterxml\jackson\core\jackson-databind\2.13.1\jackson-databind-2.13.1.jar;C:\Users\do.souza\.m2\repository\com\fasterxml\jackson\core\jackson-annotations\2.13.1\jackson-annotations-2.13.1.jar;C:\Users\do.souza\.m2\repository\com\fasterxml\jackson\core\jackson-core\2.13.1\jackson-core-2.13.1.jar;C:\Users\do.souza\.m2\repository\com\fasterxml\jackson\datatype\jackson-datatype-jdk8\2.13.1\jackson-datatype-jdk8-2.13.1.jar;C:\Users\do.souza\.m2\repository\com\fasterxml\jackson\datatype\jackson-datatype-jsr310\2.13.1\jackson-datatype-jsr310-2.13.1.jar;C:\Users\do.souza\.m2\repository\com\fasterxml\jackson\module\jackson-module-parameter-names\2.13.1\jackson-module-parameter-names-2.13.1.jar;C:\Users\do.souza\.m2\repository\org\
Launcher Type: SUN_STANDARD

Environment Variables:
JAVA_HOME=C:\pcsist\programas\jdk-1.8.0.11-win-x86
PATH=C:\pcsist\programas\jdk-1.8.0.11-win-x86\jre\bin;C:/eclipse//plugins/org.eclipse.justj.openjdk.hotspot.jre.full.win32.x86_64_15.0.2.v20210201-0955/jre/bin/server;C:/eclipse//plugins/org.eclipse.justj.openjdk.hotspot.jre.full.win32.x86_64_15.0.2.v20210201-0955/jre/bin;C:\ProgramData\Oracle\Java\javapath;C:\Program Files (x86)\Embarcadero\Studio\17.0\bin;C:\Users\Public\Documents\Embarcadero\Studio\17.0\Bpl;C:\Program Files (x86)\Embarcadero\Studio\17.0\bin64;C:\Users\Public\Documents\Embarcadero\Studio\17.0\Bpl\Win64;C:\Program Files (x86)\Embarcadero\RAD Studio\7.0\bin;C:\Users\Public\Documents\RAD Studio\7.0\Bpl;C:\oracle\product\10.2.0\db_1\bin;C:\Windows\system32;C:\Windows;C:\Windows\System32\Wbem;C:\Windows\System32\WindowsPowerShell\v1.0\;C:\Windows\System32\OpenSSH\;C:\Program Files (x86)\Sennheiser\SoftphoneSDK\;C:\Program Files (x86)\DevExpress VCL\Library\RS14;C:\Program Files (x86)\DevExpress VCL\Library\RS23;C:\Program Files (x86)\DevExpress VCL\Library\RS23\Win64;C:\Users\manutencao\Documents\tmssoftware\TMS Smooth Controls\bpl\;C:\Program Files (x86)\Totvs\PMan;C:\WINDOWS\system32;C:\WINDOWS;C:\WINDOWS\System32\Wbem;C:\WINDOWS\System32\WindowsPowerShell\v1.0\;C:\WINDOWS\System32\OpenSSH\;C:\pcsist\programas\jdk-1.8.0.11-win-x86\bin;C:\Program Files\Git\cmd;C:\pcsist\programas\apache-maven-3.0.5\bin;C:\Program Files (x86)\Intel\Intel(R) Management Engine Components\DAL;C:\Program Files\Intel\Intel(R) Management Engine Components\DAL;C:\Program Files\TortoiseGit\bin;C:\Program Files (x86)\Bitvise SSH Client;C:\Program Files\nodejs\;C:\Users\do.souza\AppData\Local\Microsoft\WindowsApps;C:\Users\do.souza\AppData\Local\Programs\Microsoft VS Code\bin;C:\Program Files (x86)\Meld;C:\Program Files\nodejs;;C:\eclipse;
USERNAME=do.souza
OS=Windows_NT
PROCESSOR_IDENTIFIER=Intel64 Family 6 Model 142 Stepping 10, GenuineIntel



---------------  S Y S T E M  ---------------

OS: Windows 8.1 , 64 bit Build 9600 

CPU:total 8 (4 cores per cpu, 2 threads per core) family 6 model 142 stepping 10, cmov, cx8, fxsr, mmx, sse, sse2, sse3, ssse3, sse4.1, sse4.2, popcnt, avx, avx2, aes, clmul, erms, ht, tsc, tscinvbit

Memory: 4k page, physical 16649364k(5747412k free), swap 22231500k(2736156k free)

vm_info: Java HotSpot(TM) Client VM (25.11-b03) for windows-x86 JRE (1.8.0_11-b12), built on Jun 16 2014 18:18:58 by "java_re" with MS VC++ 10.0 (VS2010)

time: Tue Feb 22 15:47:00 2022
elapsed time: 729 seconds

